2024-02-19 12:32:42.952 [info] Using settings sync service https://vscode-sync.trafficmanager.net/
2024-02-19 12:32:42.952 [info] Auto Sync is enabled.
2024-02-19 12:32:42.952 [info] Auto Sync: Suspended until auth token is available.
2024-02-19 12:32:43.340 [info] Deleting non existing profile from backup /home/aj/.config/Code/User/sync/extensions
2024-02-19 12:32:43.502 [info] Deleting non existing profile from backup /home/aj/.config/Code/User/sync/globalState
2024-02-19 12:32:43.627 [info] Auto Sync: Triggered by Interval
2024-02-19 12:32:43.627 [info] Sync started.
2024-02-19 12:32:43.667 [info] Deleting non existing profile from backup /home/aj/.config/Code/User/sync/keybindings
2024-02-19 12:32:43.739 [info] Deleting non existing profile from backup /home/aj/.config/Code/User/sync/profiles
2024-02-19 12:32:43.740 [info] Deleting non existing profile from backup /home/aj/.config/Code/User/sync/settings
2024-02-19 12:32:43.741 [info] Deleting non existing profile from backup /home/aj/.config/Code/User/sync/snippets
2024-02-19 12:32:43.742 [info] Deleting non existing profile from backup /home/aj/.config/Code/User/sync/tasks
2024-02-19 12:32:44.021 [info] Settings: Last sync resource does not exist locally.
2024-02-19 12:32:44.151 [info] Settings: No changes found during synchronizing settings.
2024-02-19 12:32:44.152 [info] Keybindings: Last sync resource does not exist locally.
2024-02-19 12:32:44.195 [info] Keybindings: No changes found during synchronizing keybindings.
2024-02-19 12:32:44.196 [info] Snippets: Last sync resource does not exist locally.
2024-02-19 12:32:44.230 [info] Snippets: No changes found during synchronizing snippets.
2024-02-19 12:32:44.231 [info] Tasks: Last sync resource does not exist locally.
2024-02-19 12:32:44.279 [info] Tasks: No changes found during synchronizing tasks.
2024-02-19 12:32:44.280 [info] GlobalState: Last sync resource does not exist locally.
2024-02-19 12:32:44.748 [info] GlobalState: Updated remote ui state. Updated: java.2.lastSessionDate,java.2.sessionCount,typescript.1.lastSessionDate,typescript.1.sessionCount,csharp.1.lastSessionDate,csharp.1.sessionCount,javascript.1.lastSessionDate,javascript.1.sessionCount.
2024-02-19 12:32:44.752 [info] GlobalState: Updated last synchronized ui state
2024-02-19 12:32:44.753 [info] Extensions: Last sync resource does not exist locally.
2024-02-19 12:32:44.852 [info] Extensions: No changes found during synchronizing extensions.
2024-02-19 12:32:44.852 [info] Profiles: Last sync resource does not exist locally.
2024-02-19 12:32:44.887 [info] Profiles: No changes found during synchronizing profiles.
2024-02-19 12:32:44.888 [info] Sync done. Took 1262ms
2024-02-19 12:33:54.788 [info] Auto Sync: Triggered by Activity
2024-02-19 12:33:54.788 [info] Sync started.
2024-02-19 12:33:54.825 [info] Settings: No changes found during synchronizing settings.
2024-02-19 12:33:54.827 [info] Keybindings: No changes found during synchronizing keybindings.
2024-02-19 12:33:54.829 [info] Snippets: No changes found during synchronizing snippets.
2024-02-19 12:33:54.830 [info] Tasks: No changes found during synchronizing tasks.
2024-02-19 12:33:54.832 [info] GlobalState: No changes found during synchronizing ui state.
2024-02-19 12:33:54.888 [info] Extensions: No changes found during synchronizing extensions.
2024-02-19 12:33:54.888 [info] Profiles: No changes found during synchronizing profiles.
2024-02-19 12:33:54.889 [info] Sync done. Took 101ms
2024-02-19 12:35:49.105 [info] Auto Sync: Triggered by Activity
2024-02-19 12:35:49.105 [info] Sync started.
2024-02-19 12:35:49.147 [info] Settings: No changes found during synchronizing settings.
2024-02-19 12:35:49.149 [info] Keybindings: No changes found during synchronizing keybindings.
2024-02-19 12:35:49.151 [info] Snippets: No changes found during synchronizing snippets.
2024-02-19 12:35:49.153 [info] Tasks: No changes found during synchronizing tasks.
2024-02-19 12:35:49.155 [info] GlobalState: No changes found during synchronizing ui state.
2024-02-19 12:35:49.235 [info] Extensions: No changes found during synchronizing extensions.
2024-02-19 12:35:49.236 [info] Profiles: No changes found during synchronizing profiles.
2024-02-19 12:35:49.237 [info] Sync done. Took 131ms
2024-02-19 12:36:31.591 [info] Auto Sync: Triggered by Activity
2024-02-19 12:36:31.592 [info] Sync started.
2024-02-19 12:36:31.644 [info] Settings: No changes found during synchronizing settings.
2024-02-19 12:36:31.646 [info] Keybindings: No changes found during synchronizing keybindings.
2024-02-19 12:36:31.647 [info] Snippets: No changes found during synchronizing snippets.
2024-02-19 12:36:31.648 [info] Tasks: No changes found during synchronizing tasks.
2024-02-19 12:36:31.650 [info] GlobalState: No changes found during synchronizing ui state.
2024-02-19 12:36:31.716 [info] Extensions: No changes found during synchronizing extensions.
2024-02-19 12:36:31.717 [info] Profiles: No changes found during synchronizing profiles.
2024-02-19 12:36:31.718 [info] Sync done. Took 126ms
2024-02-19 12:37:41.571 [info] Auto Sync: Triggered by Activity
2024-02-19 12:37:41.571 [info] Sync started.
2024-02-19 12:37:41.615 [info] Settings: No changes found during synchronizing settings.
2024-02-19 12:37:41.617 [info] Keybindings: No changes found during synchronizing keybindings.
2024-02-19 12:37:41.619 [info] Snippets: No changes found during synchronizing snippets.
2024-02-19 12:37:41.620 [info] Tasks: No changes found during synchronizing tasks.
2024-02-19 12:37:41.622 [info] GlobalState: No changes found during synchronizing ui state.
2024-02-19 12:37:41.688 [info] Extensions: No changes found during synchronizing extensions.
2024-02-19 12:37:41.689 [info] Profiles: No changes found during synchronizing profiles.
2024-02-19 12:37:41.690 [info] Sync done. Took 118ms
2024-02-19 12:38:36.003 [info] Auto Sync: Triggered by Activity
2024-02-19 12:38:36.003 [info] Sync started.
2024-02-19 12:38:36.052 [info] Settings: No changes found during synchronizing settings.
2024-02-19 12:38:36.054 [info] Keybindings: No changes found during synchronizing keybindings.
2024-02-19 12:38:36.056 [info] Snippets: No changes found during synchronizing snippets.
2024-02-19 12:38:36.057 [info] Tasks: No changes found during synchronizing tasks.
2024-02-19 12:38:36.059 [info] GlobalState: No changes found during synchronizing ui state.
2024-02-19 12:38:36.125 [info] Extensions: No changes found during synchronizing extensions.
2024-02-19 12:38:36.126 [info] Profiles: No changes found during synchronizing profiles.
2024-02-19 12:38:36.127 [info] Sync done. Took 124ms
2024-02-19 12:39:25.617 [info] Auto Sync: Triggered by Activity
2024-02-19 12:39:25.618 [info] Sync started.
2024-02-19 12:39:25.655 [info] Settings: No changes found during synchronizing settings.
2024-02-19 12:39:25.657 [info] Keybindings: No changes found during synchronizing keybindings.
2024-02-19 12:39:25.658 [info] Snippets: No changes found during synchronizing snippets.
2024-02-19 12:39:25.659 [info] Tasks: No changes found during synchronizing tasks.
2024-02-19 12:39:25.662 [info] GlobalState: No changes found during synchronizing ui state.
2024-02-19 12:39:25.731 [info] Extensions: No changes found during synchronizing extensions.
2024-02-19 12:39:25.731 [info] Profiles: No changes found during synchronizing profiles.
2024-02-19 12:39:25.732 [info] Sync done. Took 115ms
2024-02-19 12:40:27.198 [info] Auto Sync: Triggered by Activity
2024-02-19 12:40:27.198 [info] Sync started.
2024-02-19 12:40:27.254 [info] Settings: No changes found during synchronizing settings.
2024-02-19 12:40:27.255 [info] Keybindings: No changes found during synchronizing keybindings.
2024-02-19 12:40:27.257 [info] Snippets: No changes found during synchronizing snippets.
2024-02-19 12:40:27.259 [info] Tasks: No changes found during synchronizing tasks.
2024-02-19 12:40:27.705 [info] GlobalState: Updated remote ui state. Added: javascript.1.editedCount,javascript.1.editedDate.
2024-02-19 12:40:27.729 [info] GlobalState: Updated last synchronized ui state
2024-02-19 12:40:27.817 [info] Extensions: No changes found during synchronizing extensions.
2024-02-19 12:40:27.818 [info] Profiles: No changes found during synchronizing profiles.
2024-02-19 12:40:27.819 [info] Sync done. Took 621ms
2024-02-19 12:41:07.816 [info] Auto Sync: Triggered by Activity
2024-02-19 12:41:07.816 [info] Sync started.
2024-02-19 12:41:07.861 [info] Settings: No changes found during synchronizing settings.
2024-02-19 12:41:07.864 [info] Keybindings: No changes found during synchronizing keybindings.
2024-02-19 12:41:07.865 [info] Snippets: No changes found during synchronizing snippets.
2024-02-19 12:41:07.867 [info] Tasks: No changes found during synchronizing tasks.
2024-02-19 12:41:07.869 [info] GlobalState: No changes found during synchronizing ui state.
2024-02-19 12:41:07.944 [info] Extensions: No changes found during synchronizing extensions.
2024-02-19 12:41:07.945 [info] Profiles: No changes found during synchronizing profiles.
2024-02-19 12:41:07.946 [info] Sync done. Took 130ms
2024-02-19 12:43:59.531 [info] Auto Sync: Triggered by Activity
2024-02-19 12:43:59.531 [info] Sync started.
2024-02-19 12:43:59.671 [info] Settings: No changes found during synchronizing settings.
2024-02-19 12:43:59.673 [info] Keybindings: No changes found during synchronizing keybindings.
2024-02-19 12:43:59.675 [info] Snippets: No changes found during synchronizing snippets.
2024-02-19 12:43:59.676 [info] Tasks: No changes found during synchronizing tasks.
2024-02-19 12:43:59.678 [info] GlobalState: No changes found during synchronizing ui state.
2024-02-19 12:43:59.745 [info] Extensions: No changes found during synchronizing extensions.
2024-02-19 12:43:59.746 [info] Profiles: No changes found during synchronizing profiles.
2024-02-19 12:43:59.747 [info] Sync done. Took 215ms
2024-02-19 12:44:48.814 [info] Auto Sync: Triggered by Activity
2024-02-19 12:44:48.814 [info] Sync started.
2024-02-19 12:44:48.858 [info] Settings: No changes found during synchronizing settings.
2024-02-19 12:44:48.860 [info] Keybindings: No changes found during synchronizing keybindings.
2024-02-19 12:44:48.861 [info] Snippets: No changes found during synchronizing snippets.
2024-02-19 12:44:48.862 [info] Tasks: No changes found during synchronizing tasks.
2024-02-19 12:44:48.864 [info] GlobalState: No changes found during synchronizing ui state.
2024-02-19 12:44:48.926 [info] Extensions: No changes found during synchronizing extensions.
2024-02-19 12:44:48.927 [info] Profiles: No changes found during synchronizing profiles.
2024-02-19 12:44:48.928 [info] Sync done. Took 113ms
2024-02-19 12:46:14.591 [info] Auto Sync: Triggered by Activity
2024-02-19 12:46:14.591 [info] Sync started.
2024-02-19 12:46:14.639 [info] Settings: No changes found during synchronizing settings.
2024-02-19 12:46:14.641 [info] Keybindings: No changes found during synchronizing keybindings.
2024-02-19 12:46:14.642 [info] Snippets: No changes found during synchronizing snippets.
2024-02-19 12:46:14.644 [info] Tasks: No changes found during synchronizing tasks.
2024-02-19 12:46:14.646 [info] GlobalState: No changes found during synchronizing ui state.
2024-02-19 12:46:14.709 [info] Extensions: No changes found during synchronizing extensions.
2024-02-19 12:46:14.710 [info] Profiles: No changes found during synchronizing profiles.
2024-02-19 12:46:14.711 [info] Sync done. Took 119ms
2024-02-19 12:46:26.378 [info] Auto Sync: Triggered by Activity
2024-02-19 12:46:26.379 [info] Sync started.
2024-02-19 12:46:26.419 [info] Settings: No changes found during synchronizing settings.
2024-02-19 12:46:26.420 [info] Keybindings: No changes found during synchronizing keybindings.
2024-02-19 12:46:26.422 [info] Snippets: No changes found during synchronizing snippets.
2024-02-19 12:46:26.423 [info] Tasks: No changes found during synchronizing tasks.
2024-02-19 12:46:26.425 [info] GlobalState: No changes found during synchronizing ui state.
2024-02-19 12:46:26.485 [info] Extensions: No changes found during synchronizing extensions.
2024-02-19 12:46:26.486 [info] Profiles: No changes found during synchronizing profiles.
2024-02-19 12:46:26.486 [info] Sync done. Took 108ms
2024-02-19 12:47:45.400 [info] Auto Sync: Triggered by Activity
2024-02-19 12:47:45.400 [info] Sync started.
2024-02-19 12:47:45.452 [info] Settings: No changes found during synchronizing settings.
2024-02-19 12:47:45.454 [info] Keybindings: No changes found during synchronizing keybindings.
2024-02-19 12:47:45.456 [info] Snippets: No changes found during synchronizing snippets.
2024-02-19 12:47:45.457 [info] Tasks: No changes found during synchronizing tasks.
2024-02-19 12:47:45.459 [info] GlobalState: No changes found during synchronizing ui state.
2024-02-19 12:47:45.522 [info] Extensions: No changes found during synchronizing extensions.
2024-02-19 12:47:45.522 [info] Profiles: No changes found during synchronizing profiles.
2024-02-19 12:47:45.523 [info] Sync done. Took 124ms
2024-02-19 12:48:01.876 [info] Auto Sync: Triggered by Activity
2024-02-19 12:48:01.876 [info] Sync started.
2024-02-19 12:48:01.913 [info] Settings: No changes found during synchronizing settings.
2024-02-19 12:48:01.915 [info] Keybindings: No changes found during synchronizing keybindings.
2024-02-19 12:48:01.916 [info] Snippets: No changes found during synchronizing snippets.
2024-02-19 12:48:01.917 [info] Tasks: No changes found during synchronizing tasks.
2024-02-19 12:48:01.919 [info] GlobalState: No changes found during synchronizing ui state.
2024-02-19 12:48:01.981 [info] Extensions: No changes found during synchronizing extensions.
2024-02-19 12:48:01.982 [info] Profiles: No changes found during synchronizing profiles.
2024-02-19 12:48:01.983 [info] Sync done. Took 106ms
2024-02-19 12:48:28.066 [info] Auto Sync: Triggered by Activity
2024-02-19 12:48:28.067 [info] Sync started.
2024-02-19 12:48:28.111 [info] Settings: No changes found during synchronizing settings.
2024-02-19 12:48:28.113 [info] Keybindings: No changes found during synchronizing keybindings.
2024-02-19 12:48:28.114 [info] Snippets: No changes found during synchronizing snippets.
2024-02-19 12:48:28.115 [info] Tasks: No changes found during synchronizing tasks.
2024-02-19 12:48:28.117 [info] GlobalState: No changes found during synchronizing ui state.
2024-02-19 12:48:28.180 [info] Extensions: No changes found during synchronizing extensions.
2024-02-19 12:48:28.180 [info] Profiles: No changes found during synchronizing profiles.
2024-02-19 12:48:28.181 [info] Sync done. Took 115ms
2024-02-19 12:48:57.083 [info] Auto Sync: Triggered by Activity
2024-02-19 12:48:57.084 [info] Sync started.
2024-02-19 12:48:57.137 [info] Settings: No changes found during synchronizing settings.
2024-02-19 12:48:57.139 [info] Keybindings: No changes found during synchronizing keybindings.
2024-02-19 12:48:57.140 [info] Snippets: No changes found during synchronizing snippets.
2024-02-19 12:48:57.141 [info] Tasks: No changes found during synchronizing tasks.
2024-02-19 12:48:57.143 [info] GlobalState: No changes found during synchronizing ui state.
2024-02-19 12:48:57.203 [info] Extensions: No changes found during synchronizing extensions.
2024-02-19 12:48:57.204 [info] Profiles: No changes found during synchronizing profiles.
2024-02-19 12:48:57.205 [info] Sync done. Took 121ms
2024-02-19 12:49:29.949 [info] Auto Sync: Triggered by Activity
2024-02-19 12:49:29.949 [info] Sync started.
2024-02-19 12:49:29.987 [info] Settings: No changes found during synchronizing settings.
2024-02-19 12:49:29.989 [info] Keybindings: No changes found during synchronizing keybindings.
2024-02-19 12:49:29.991 [info] Snippets: No changes found during synchronizing snippets.
2024-02-19 12:49:29.992 [info] Tasks: No changes found during synchronizing tasks.
2024-02-19 12:49:30.413 [info] GlobalState: Updated remote ui state. Updated: memento/workbench.editor.keybindings.
2024-02-19 12:49:30.430 [info] GlobalState: Updated last synchronized ui state
2024-02-19 12:49:30.495 [info] Extensions: No changes found during synchronizing extensions.
2024-02-19 12:49:30.495 [info] Profiles: No changes found during synchronizing profiles.
2024-02-19 12:49:30.496 [info] Sync done. Took 548ms
2024-02-19 12:50:31.203 [info] Auto Sync: Triggered by Activity
2024-02-19 12:50:31.203 [info] Sync started.
2024-02-19 12:50:31.245 [info] Settings: No changes found during synchronizing settings.
2024-02-19 12:50:31.247 [info] Keybindings: No changes found during synchronizing keybindings.
2024-02-19 12:50:31.248 [info] Snippets: No changes found during synchronizing snippets.
2024-02-19 12:50:31.249 [info] Tasks: No changes found during synchronizing tasks.
2024-02-19 12:50:31.251 [info] GlobalState: No changes found during synchronizing ui state.
2024-02-19 12:50:31.312 [info] Extensions: No changes found during synchronizing extensions.
2024-02-19 12:50:31.313 [info] Profiles: No changes found during synchronizing profiles.
2024-02-19 12:50:31.313 [info] Sync done. Took 110ms
2024-02-19 12:55:31.361 [info] Auto Sync: Triggered by Interval
2024-02-19 12:55:31.361 [info] Sync started.
2024-02-19 12:55:31.514 [info] Settings: No changes found during synchronizing settings.
2024-02-19 12:55:31.516 [info] Keybindings: No changes found during synchronizing keybindings.
2024-02-19 12:55:31.517 [info] Snippets: No changes found during synchronizing snippets.
2024-02-19 12:55:31.518 [info] Tasks: No changes found during synchronizing tasks.
2024-02-19 12:55:31.520 [info] GlobalState: No changes found during synchronizing ui state.
2024-02-19 12:55:31.584 [info] Extensions: No changes found during synchronizing extensions.
2024-02-19 12:55:31.584 [info] Profiles: No changes found during synchronizing profiles.
2024-02-19 12:55:31.585 [info] Sync done. Took 225ms
2024-02-19 13:00:31.631 [info] Auto Sync: Triggered by Interval
2024-02-19 13:00:31.631 [info] Sync started.
2024-02-19 13:00:31.780 [info] Settings: No changes found during synchronizing settings.
2024-02-19 13:00:31.782 [info] Keybindings: No changes found during synchronizing keybindings.
2024-02-19 13:00:31.784 [info] Snippets: No changes found during synchronizing snippets.
2024-02-19 13:00:31.785 [info] Tasks: No changes found during synchronizing tasks.
2024-02-19 13:00:31.788 [info] GlobalState: No changes found during synchronizing ui state.
2024-02-19 13:00:31.847 [info] Extensions: No changes found during synchronizing extensions.
2024-02-19 13:00:31.847 [info] Profiles: No changes found during synchronizing profiles.
2024-02-19 13:00:31.848 [info] Sync done. Took 217ms
2024-02-19 13:03:22.408 [info] Auto Sync: Triggered by Activity
2024-02-19 13:03:22.408 [info] Sync started.
2024-02-19 13:03:22.568 [info] Settings: No changes found during synchronizing settings.
2024-02-19 13:03:22.570 [info] Keybindings: No changes found during synchronizing keybindings.
2024-02-19 13:03:22.571 [info] Snippets: No changes found during synchronizing snippets.
2024-02-19 13:03:22.572 [info] Tasks: No changes found during synchronizing tasks.
2024-02-19 13:03:22.574 [info] GlobalState: No changes found during synchronizing ui state.
2024-02-19 13:03:22.644 [info] Extensions: No changes found during synchronizing extensions.
2024-02-19 13:03:22.644 [info] Profiles: No changes found during synchronizing profiles.
2024-02-19 13:03:22.645 [info] Sync done. Took 238ms
2024-02-19 13:08:22.684 [info] Auto Sync: Triggered by Interval
2024-02-19 13:08:22.684 [info] Sync started.
2024-02-19 13:08:22.837 [info] Settings: No changes found during synchronizing settings.
2024-02-19 13:08:22.839 [info] Keybindings: No changes found during synchronizing keybindings.
2024-02-19 13:08:22.840 [info] Snippets: No changes found during synchronizing snippets.
2024-02-19 13:08:22.841 [info] Tasks: No changes found during synchronizing tasks.
2024-02-19 13:08:22.843 [info] GlobalState: No changes found during synchronizing ui state.
2024-02-19 13:08:22.917 [info] Extensions: No changes found during synchronizing extensions.
2024-02-19 13:08:22.917 [info] Profiles: No changes found during synchronizing profiles.
2024-02-19 13:08:22.918 [info] Sync done. Took 234ms
2024-02-19 13:11:59.667 [info] Auto Sync: Triggered by Activity
2024-02-19 13:11:59.668 [info] Sync started.
2024-02-19 13:11:59.821 [info] Settings: No changes found during synchronizing settings.
2024-02-19 13:11:59.822 [info] Keybindings: No changes found during synchronizing keybindings.
2024-02-19 13:11:59.824 [info] Snippets: No changes found during synchronizing snippets.
2024-02-19 13:11:59.825 [info] Tasks: No changes found during synchronizing tasks.
2024-02-19 13:11:59.827 [info] GlobalState: No changes found during synchronizing ui state.
2024-02-19 13:11:59.892 [info] Extensions: No changes found during synchronizing extensions.
2024-02-19 13:11:59.893 [info] Profiles: No changes found during synchronizing profiles.
2024-02-19 13:11:59.893 [info] Sync done. Took 226ms
2024-02-19 13:12:19.426 [info] Auto Sync: Triggered by Activity
2024-02-19 13:12:19.426 [info] Sync started.
2024-02-19 13:12:19.470 [info] Settings: No changes found during synchronizing settings.
2024-02-19 13:12:19.472 [info] Keybindings: No changes found during synchronizing keybindings.
2024-02-19 13:12:19.473 [info] Snippets: No changes found during synchronizing snippets.
2024-02-19 13:12:19.475 [info] Tasks: No changes found during synchronizing tasks.
2024-02-19 13:12:19.477 [info] GlobalState: No changes found during synchronizing ui state.
2024-02-19 13:12:19.551 [info] Extensions: No changes found during synchronizing extensions.
2024-02-19 13:12:19.552 [info] Profiles: No changes found during synchronizing profiles.
2024-02-19 13:12:19.553 [info] Sync done. Took 127ms
2024-02-19 13:13:00.006 [info] Auto Sync: Triggered by Activity
2024-02-19 13:13:00.007 [info] Sync started.
2024-02-19 13:13:00.055 [info] Settings: No changes found during synchronizing settings.
2024-02-19 13:13:00.058 [info] Keybindings: No changes found during synchronizing keybindings.
2024-02-19 13:13:00.059 [info] Snippets: No changes found during synchronizing snippets.
2024-02-19 13:13:00.061 [info] Tasks: No changes found during synchronizing tasks.
2024-02-19 13:13:00.063 [info] GlobalState: No changes found during synchronizing ui state.
2024-02-19 13:13:00.131 [info] Extensions: No changes found during synchronizing extensions.
2024-02-19 13:13:00.132 [info] Profiles: No changes found during synchronizing profiles.
2024-02-19 13:13:00.132 [info] Sync done. Took 126ms
2024-02-19 13:14:08.874 [info] Auto Sync: Triggered by Activity
2024-02-19 13:14:08.874 [info] Sync started.
2024-02-19 13:14:08.923 [info] Settings: No changes found during synchronizing settings.
2024-02-19 13:14:08.925 [info] Keybindings: No changes found during synchronizing keybindings.
2024-02-19 13:14:08.926 [info] Snippets: No changes found during synchronizing snippets.
2024-02-19 13:14:08.927 [info] Tasks: No changes found during synchronizing tasks.
2024-02-19 13:14:08.929 [info] GlobalState: No changes found during synchronizing ui state.
2024-02-19 13:14:08.993 [info] Extensions: No changes found during synchronizing extensions.
2024-02-19 13:14:08.994 [info] Profiles: No changes found during synchronizing profiles.
2024-02-19 13:14:08.995 [info] Sync done. Took 120ms
2024-02-19 13:14:33.200 [info] Auto Sync: Triggered by Activity
2024-02-19 13:14:33.200 [info] Sync started.
2024-02-19 13:14:33.266 [info] Settings: No changes found during synchronizing settings.
2024-02-19 13:14:33.267 [info] Keybindings: No changes found during synchronizing keybindings.
2024-02-19 13:14:33.269 [info] Snippets: No changes found during synchronizing snippets.
2024-02-19 13:14:33.270 [info] Tasks: No changes found during synchronizing tasks.
2024-02-19 13:14:33.272 [info] GlobalState: No changes found during synchronizing ui state.
2024-02-19 13:14:33.347 [info] Extensions: No changes found during synchronizing extensions.
2024-02-19 13:14:33.347 [info] Profiles: No changes found during synchronizing profiles.
2024-02-19 13:14:33.348 [info] Sync done. Took 149ms
2024-02-19 13:15:22.161 [info] Auto Sync: Triggered by Activity
2024-02-19 13:15:22.161 [info] Sync started.
2024-02-19 13:15:22.203 [info] Settings: No changes found during synchronizing settings.
2024-02-19 13:15:22.205 [info] Keybindings: No changes found during synchronizing keybindings.
2024-02-19 13:15:22.206 [info] Snippets: No changes found during synchronizing snippets.
2024-02-19 13:15:22.207 [info] Tasks: No changes found during synchronizing tasks.
2024-02-19 13:15:22.209 [info] GlobalState: No changes found during synchronizing ui state.
2024-02-19 13:15:22.280 [info] Extensions: No changes found during synchronizing extensions.
2024-02-19 13:15:22.281 [info] Profiles: No changes found during synchronizing profiles.
2024-02-19 13:15:22.281 [info] Sync done. Took 121ms
2024-02-19 13:15:54.531 [info] Auto Sync: Triggered by Activity
2024-02-19 13:15:54.531 [info] Sync started.
2024-02-19 13:15:54.574 [info] Settings: No changes found during synchronizing settings.
2024-02-19 13:15:54.576 [info] Keybindings: No changes found during synchronizing keybindings.
2024-02-19 13:15:54.577 [info] Snippets: No changes found during synchronizing snippets.
2024-02-19 13:15:54.578 [info] Tasks: No changes found during synchronizing tasks.
2024-02-19 13:15:54.580 [info] GlobalState: No changes found during synchronizing ui state.
2024-02-19 13:15:54.648 [info] Extensions: No changes found during synchronizing extensions.
2024-02-19 13:15:54.648 [info] Profiles: No changes found during synchronizing profiles.
2024-02-19 13:15:54.649 [info] Sync done. Took 119ms
2024-02-19 13:16:13.744 [info] Auto Sync: Triggered by Activity
2024-02-19 13:16:13.745 [info] Sync started.
2024-02-19 13:16:13.791 [info] Settings: No changes found during synchronizing settings.
2024-02-19 13:16:13.793 [info] Keybindings: No changes found during synchronizing keybindings.
2024-02-19 13:16:13.795 [info] Snippets: No changes found during synchronizing snippets.
2024-02-19 13:16:13.796 [info] Tasks: No changes found during synchronizing tasks.
2024-02-19 13:16:13.798 [info] GlobalState: No changes found during synchronizing ui state.
2024-02-19 13:16:13.862 [info] Extensions: No changes found during synchronizing extensions.
2024-02-19 13:16:13.863 [info] Profiles: No changes found during synchronizing profiles.
2024-02-19 13:16:13.863 [info] Sync done. Took 119ms
2024-02-19 13:18:27.506 [info] Auto Sync: Triggered by Activity
2024-02-19 13:18:27.506 [info] Sync started.
2024-02-19 13:18:27.672 [info] Settings: No changes found during synchronizing settings.
2024-02-19 13:18:27.674 [info] Keybindings: No changes found during synchronizing keybindings.
2024-02-19 13:18:27.675 [info] Snippets: No changes found during synchronizing snippets.
2024-02-19 13:18:27.677 [info] Tasks: No changes found during synchronizing tasks.
2024-02-19 13:18:27.679 [info] GlobalState: No changes found during synchronizing ui state.
2024-02-19 13:18:27.752 [info] Extensions: No changes found during synchronizing extensions.
2024-02-19 13:18:27.752 [info] Profiles: No changes found during synchronizing profiles.
2024-02-19 13:18:27.753 [info] Sync done. Took 248ms
2024-02-19 13:19:19.084 [info] Auto Sync: Triggered by Activity
2024-02-19 13:19:19.084 [info] Sync started.
2024-02-19 13:19:19.124 [info] Settings: No changes found during synchronizing settings.
2024-02-19 13:19:19.126 [info] Keybindings: No changes found during synchronizing keybindings.
2024-02-19 13:19:19.127 [info] Snippets: No changes found during synchronizing snippets.
2024-02-19 13:19:19.128 [info] Tasks: No changes found during synchronizing tasks.
2024-02-19 13:19:19.131 [info] GlobalState: No changes found during synchronizing ui state.
2024-02-19 13:19:19.193 [info] Extensions: No changes found during synchronizing extensions.
2024-02-19 13:19:19.194 [info] Profiles: No changes found during synchronizing profiles.
2024-02-19 13:19:19.195 [info] Sync done. Took 110ms
2024-02-19 13:19:37.296 [info] Auto Sync: Triggered by Activity
2024-02-19 13:19:37.297 [info] Sync started.
2024-02-19 13:19:37.349 [info] Settings: No changes found during synchronizing settings.
2024-02-19 13:19:37.351 [info] Keybindings: No changes found during synchronizing keybindings.
2024-02-19 13:19:37.352 [info] Snippets: No changes found during synchronizing snippets.
2024-02-19 13:19:37.354 [info] Tasks: No changes found during synchronizing tasks.
2024-02-19 13:19:37.356 [info] GlobalState: No changes found during synchronizing ui state.
2024-02-19 13:19:37.426 [info] Extensions: No changes found during synchronizing extensions.
2024-02-19 13:19:37.427 [info] Profiles: No changes found during synchronizing profiles.
2024-02-19 13:19:37.428 [info] Sync done. Took 132ms
2024-02-19 13:21:20.274 [info] Auto Sync: Triggered by Activity
2024-02-19 13:21:20.274 [info] Sync started.
2024-02-19 13:21:20.317 [info] Settings: No changes found during synchronizing settings.
2024-02-19 13:21:20.319 [info] Keybindings: No changes found during synchronizing keybindings.
2024-02-19 13:21:20.320 [info] Snippets: No changes found during synchronizing snippets.
2024-02-19 13:21:20.321 [info] Tasks: No changes found during synchronizing tasks.
2024-02-19 13:21:20.323 [info] GlobalState: No changes found during synchronizing ui state.
2024-02-19 13:21:20.389 [info] Extensions: No changes found during synchronizing extensions.
2024-02-19 13:21:20.390 [info] Profiles: No changes found during synchronizing profiles.
2024-02-19 13:21:20.390 [info] Sync done. Took 117ms
2024-02-19 13:21:35.794 [info] Auto Sync: Triggered by Activity
2024-02-19 13:21:35.794 [info] Sync started.
2024-02-19 13:21:35.840 [info] Settings: No changes found during synchronizing settings.
2024-02-19 13:21:35.842 [info] Keybindings: No changes found during synchronizing keybindings.
2024-02-19 13:21:35.844 [info] Snippets: No changes found during synchronizing snippets.
2024-02-19 13:21:35.845 [info] Tasks: No changes found during synchronizing tasks.
2024-02-19 13:21:35.847 [info] GlobalState: No changes found during synchronizing ui state.
2024-02-19 13:21:35.907 [info] Extensions: No changes found during synchronizing extensions.
2024-02-19 13:21:35.908 [info] Profiles: No changes found during synchronizing profiles.
2024-02-19 13:21:35.909 [info] Sync done. Took 114ms
2024-02-19 13:21:56.348 [info] Auto Sync: Triggered by Activity
2024-02-19 13:21:56.348 [info] Sync started.
2024-02-19 13:21:56.395 [info] Settings: No changes found during synchronizing settings.
2024-02-19 13:21:56.397 [info] Keybindings: No changes found during synchronizing keybindings.
2024-02-19 13:21:56.398 [info] Snippets: No changes found during synchronizing snippets.
2024-02-19 13:21:56.399 [info] Tasks: No changes found during synchronizing tasks.
2024-02-19 13:21:56.401 [info] GlobalState: No changes found during synchronizing ui state.
2024-02-19 13:21:56.462 [info] Extensions: No changes found during synchronizing extensions.
2024-02-19 13:21:56.463 [info] Profiles: No changes found during synchronizing profiles.
2024-02-19 13:21:56.463 [info] Sync done. Took 116ms
2024-02-19 13:22:20.606 [info] Auto Sync: Triggered by Activity
2024-02-19 13:22:20.606 [info] Sync started.
2024-02-19 13:22:20.665 [info] Settings: No changes found during synchronizing settings.
2024-02-19 13:22:20.666 [info] Keybindings: No changes found during synchronizing keybindings.
2024-02-19 13:22:20.668 [info] Snippets: No changes found during synchronizing snippets.
2024-02-19 13:22:20.669 [info] Tasks: No changes found during synchronizing tasks.
2024-02-19 13:22:20.671 [info] GlobalState: No changes found during synchronizing ui state.
2024-02-19 13:22:20.739 [info] Extensions: No changes found during synchronizing extensions.
2024-02-19 13:22:20.740 [info] Profiles: No changes found during synchronizing profiles.
2024-02-19 13:22:20.741 [info] Sync done. Took 135ms
2024-02-19 13:22:35.197 [info] Auto Sync: Triggered by Activity
2024-02-19 13:22:35.197 [info] Sync started.
2024-02-19 13:22:35.249 [info] Settings: No changes found during synchronizing settings.
2024-02-19 13:22:35.251 [info] Keybindings: No changes found during synchronizing keybindings.
2024-02-19 13:22:35.253 [info] Snippets: No changes found during synchronizing snippets.
2024-02-19 13:22:35.254 [info] Tasks: No changes found during synchronizing tasks.
2024-02-19 13:22:35.256 [info] GlobalState: No changes found during synchronizing ui state.
2024-02-19 13:22:35.318 [info] Extensions: No changes found during synchronizing extensions.
2024-02-19 13:22:35.318 [info] Profiles: No changes found during synchronizing profiles.
2024-02-19 13:22:35.319 [info] Sync done. Took 122ms
2024-02-19 13:23:15.091 [info] Auto Sync: Triggered by Activity
2024-02-19 13:23:15.091 [info] Sync started.
2024-02-19 13:23:15.132 [info] Settings: No changes found during synchronizing settings.
2024-02-19 13:23:15.134 [info] Keybindings: No changes found during synchronizing keybindings.
2024-02-19 13:23:15.135 [info] Snippets: No changes found during synchronizing snippets.
2024-02-19 13:23:15.136 [info] Tasks: No changes found during synchronizing tasks.
2024-02-19 13:23:15.138 [info] GlobalState: No changes found during synchronizing ui state.
2024-02-19 13:23:15.199 [info] Extensions: No changes found during synchronizing extensions.
2024-02-19 13:23:15.200 [info] Profiles: No changes found during synchronizing profiles.
2024-02-19 13:23:15.201 [info] Sync done. Took 110ms
2024-02-19 13:24:07.369 [info] Auto Sync: Triggered by Activity
2024-02-19 13:24:07.370 [info] Sync started.
2024-02-19 13:24:07.409 [info] Settings: No changes found during synchronizing settings.
2024-02-19 13:24:07.411 [info] Keybindings: No changes found during synchronizing keybindings.
2024-02-19 13:24:07.412 [info] Snippets: No changes found during synchronizing snippets.
2024-02-19 13:24:07.414 [info] Tasks: No changes found during synchronizing tasks.
2024-02-19 13:24:07.416 [info] GlobalState: No changes found during synchronizing ui state.
2024-02-19 13:24:07.483 [info] Extensions: No changes found during synchronizing extensions.
2024-02-19 13:24:07.484 [info] Profiles: No changes found during synchronizing profiles.
2024-02-19 13:24:07.485 [info] Sync done. Took 115ms
2024-02-19 13:25:39.813 [info] Auto Sync: Triggered by Activity
2024-02-19 13:25:39.813 [info] Sync started.
2024-02-19 13:25:39.853 [info] Settings: No changes found during synchronizing settings.
2024-02-19 13:25:39.855 [info] Keybindings: No changes found during synchronizing keybindings.
2024-02-19 13:25:39.857 [info] Snippets: No changes found during synchronizing snippets.
2024-02-19 13:25:39.858 [info] Tasks: No changes found during synchronizing tasks.
2024-02-19 13:25:39.861 [info] GlobalState: No changes found during synchronizing ui state.
2024-02-19 13:25:39.942 [info] Extensions: No changes found during synchronizing extensions.
2024-02-19 13:25:39.942 [info] Profiles: No changes found during synchronizing profiles.
2024-02-19 13:25:39.943 [info] Sync done. Took 131ms
2024-02-19 13:26:21.164 [info] Auto Sync: Triggered by Activity
2024-02-19 13:26:21.164 [info] Sync started.
2024-02-19 13:26:21.206 [info] Settings: No changes found during synchronizing settings.
2024-02-19 13:26:21.208 [info] Keybindings: No changes found during synchronizing keybindings.
2024-02-19 13:26:21.210 [info] Snippets: No changes found during synchronizing snippets.
2024-02-19 13:26:21.211 [info] Tasks: No changes found during synchronizing tasks.
2024-02-19 13:26:21.213 [info] GlobalState: No changes found during synchronizing ui state.
2024-02-19 13:26:21.279 [info] Extensions: No changes found during synchronizing extensions.
2024-02-19 13:26:21.279 [info] Profiles: No changes found during synchronizing profiles.
2024-02-19 13:26:21.280 [info] Sync done. Took 116ms
2024-02-19 13:26:46.997 [info] Auto Sync: Triggered by Activity
2024-02-19 13:26:46.997 [info] Sync started.
2024-02-19 13:26:47.047 [info] Settings: No changes found during synchronizing settings.
2024-02-19 13:26:47.049 [info] Keybindings: No changes found during synchronizing keybindings.
2024-02-19 13:26:47.050 [info] Snippets: No changes found during synchronizing snippets.
2024-02-19 13:26:47.051 [info] Tasks: No changes found during synchronizing tasks.
2024-02-19 13:26:47.053 [info] GlobalState: No changes found during synchronizing ui state.
2024-02-19 13:26:47.123 [info] Extensions: No changes found during synchronizing extensions.
2024-02-19 13:26:47.123 [info] Profiles: No changes found during synchronizing profiles.
2024-02-19 13:26:47.124 [info] Sync done. Took 127ms
2024-02-19 13:28:32.027 [info] Auto Sync: Triggered by Activity
2024-02-19 13:28:32.027 [info] Sync started.
2024-02-19 13:28:32.075 [info] Settings: No changes found during synchronizing settings.
2024-02-19 13:28:32.077 [info] Keybindings: No changes found during synchronizing keybindings.
2024-02-19 13:28:32.078 [info] Snippets: No changes found during synchronizing snippets.
2024-02-19 13:28:32.079 [info] Tasks: No changes found during synchronizing tasks.
2024-02-19 13:28:32.081 [info] GlobalState: No changes found during synchronizing ui state.
2024-02-19 13:28:32.152 [info] Extensions: No changes found during synchronizing extensions.
2024-02-19 13:28:32.153 [info] Profiles: No changes found during synchronizing profiles.
2024-02-19 13:28:32.153 [info] Sync done. Took 126ms
2024-02-19 13:28:54.101 [info] Auto Sync: Triggered by Activity
2024-02-19 13:28:54.101 [info] Sync started.
2024-02-19 13:28:54.145 [info] Settings: No changes found during synchronizing settings.
2024-02-19 13:28:54.147 [info] Keybindings: No changes found during synchronizing keybindings.
2024-02-19 13:28:54.149 [info] Snippets: No changes found during synchronizing snippets.
2024-02-19 13:28:54.150 [info] Tasks: No changes found during synchronizing tasks.
2024-02-19 13:28:54.152 [info] GlobalState: No changes found during synchronizing ui state.
2024-02-19 13:28:54.220 [info] Extensions: No changes found during synchronizing extensions.
2024-02-19 13:28:54.222 [info] Profiles: No changes found during synchronizing profiles.
2024-02-19 13:28:54.222 [info] Sync done. Took 122ms
2024-02-19 13:31:13.354 [info] Auto Sync: Triggered by Activity
2024-02-19 13:31:13.354 [info] Sync started.
2024-02-19 13:31:13.509 [info] Settings: No changes found during synchronizing settings.
2024-02-19 13:31:13.510 [info] Keybindings: No changes found during synchronizing keybindings.
2024-02-19 13:31:13.511 [info] Snippets: No changes found during synchronizing snippets.
2024-02-19 13:31:13.513 [info] Tasks: No changes found during synchronizing tasks.
2024-02-19 13:31:13.515 [info] GlobalState: No changes found during synchronizing ui state.
2024-02-19 13:31:13.578 [info] Extensions: No changes found during synchronizing extensions.
2024-02-19 13:31:13.579 [info] Profiles: No changes found during synchronizing profiles.
2024-02-19 13:31:13.580 [info] Sync done. Took 227ms
2024-02-19 13:33:04.134 [info] Auto Sync: Triggered by Activity
2024-02-19 13:33:04.134 [info] Sync started.
2024-02-19 13:33:04.172 [info] Settings: No changes found during synchronizing settings.
2024-02-19 13:33:04.174 [info] Keybindings: No changes found during synchronizing keybindings.
2024-02-19 13:33:04.176 [info] Snippets: No changes found during synchronizing snippets.
2024-02-19 13:33:04.177 [info] Tasks: No changes found during synchronizing tasks.
2024-02-19 13:33:04.180 [info] GlobalState: No changes found during synchronizing ui state.
2024-02-19 13:33:04.247 [info] Extensions: No changes found during synchronizing extensions.
2024-02-19 13:33:04.248 [info] Profiles: No changes found during synchronizing profiles.
2024-02-19 13:33:04.248 [info] Sync done. Took 115ms
2024-02-19 13:33:34.003 [info] Auto Sync: Triggered by Activity
2024-02-19 13:33:34.003 [info] Sync started.
2024-02-19 13:33:34.046 [info] Settings: No changes found during synchronizing settings.
2024-02-19 13:33:34.048 [info] Keybindings: No changes found during synchronizing keybindings.
2024-02-19 13:33:34.049 [info] Snippets: No changes found during synchronizing snippets.
2024-02-19 13:33:34.050 [info] Tasks: No changes found during synchronizing tasks.
2024-02-19 13:33:34.052 [info] GlobalState: No changes found during synchronizing ui state.
2024-02-19 13:33:34.113 [info] Extensions: No changes found during synchronizing extensions.
2024-02-19 13:33:34.114 [info] Profiles: No changes found during synchronizing profiles.
2024-02-19 13:33:34.114 [info] Sync done. Took 112ms
2024-02-19 13:33:54.272 [info] Auto Sync: Triggered by Activity
2024-02-19 13:33:54.272 [info] Sync started.
2024-02-19 13:33:54.311 [info] Settings: No changes found during synchronizing settings.
2024-02-19 13:33:54.313 [info] Keybindings: No changes found during synchronizing keybindings.
2024-02-19 13:33:54.314 [info] Snippets: No changes found during synchronizing snippets.
2024-02-19 13:33:54.316 [info] Tasks: No changes found during synchronizing tasks.
2024-02-19 13:33:54.318 [info] GlobalState: No changes found during synchronizing ui state.
2024-02-19 13:33:54.383 [info] Extensions: No changes found during synchronizing extensions.
2024-02-19 13:33:54.384 [info] Profiles: No changes found during synchronizing profiles.
2024-02-19 13:33:54.384 [info] Sync done. Took 112ms
2024-02-19 13:38:54.394 [info] Auto Sync: Triggered by Interval
2024-02-19 13:38:54.394 [info] Sync started.
2024-02-19 13:38:54.551 [info] Settings: No changes found during synchronizing settings.
2024-02-19 13:38:54.553 [info] Keybindings: No changes found during synchronizing keybindings.
2024-02-19 13:38:54.554 [info] Snippets: No changes found during synchronizing snippets.
2024-02-19 13:38:54.555 [info] Tasks: No changes found during synchronizing tasks.
2024-02-19 13:38:54.557 [info] GlobalState: No changes found during synchronizing ui state.
2024-02-19 13:38:54.626 [info] Extensions: No changes found during synchronizing extensions.
2024-02-19 13:38:54.628 [info] Profiles: No changes found during synchronizing profiles.
2024-02-19 13:38:54.629 [info] Sync done. Took 235ms
2024-02-19 13:43:54.637 [info] Auto Sync: Triggered by Interval
2024-02-19 13:43:54.637 [info] Sync started.
2024-02-19 13:43:54.786 [info] Settings: No changes found during synchronizing settings.
2024-02-19 13:43:54.788 [info] Keybindings: No changes found during synchronizing keybindings.
2024-02-19 13:43:54.790 [info] Snippets: No changes found during synchronizing snippets.
2024-02-19 13:43:54.791 [info] Tasks: No changes found during synchronizing tasks.
2024-02-19 13:43:54.793 [info] GlobalState: No changes found during synchronizing ui state.
2024-02-19 13:43:54.864 [info] Extensions: No changes found during synchronizing extensions.
2024-02-19 13:43:54.865 [info] Profiles: No changes found during synchronizing profiles.
2024-02-19 13:43:54.865 [info] Sync done. Took 228ms
2024-02-19 13:48:41.174 [info] Auto Sync: Triggered by Activity
2024-02-19 13:48:41.175 [info] Sync started.
2024-02-19 13:48:41.327 [info] Settings: No changes found during synchronizing settings.
2024-02-19 13:48:41.329 [info] Keybindings: No changes found during synchronizing keybindings.
2024-02-19 13:48:41.331 [info] Snippets: No changes found during synchronizing snippets.
2024-02-19 13:48:41.332 [info] Tasks: No changes found during synchronizing tasks.
2024-02-19 13:48:41.334 [info] GlobalState: No changes found during synchronizing ui state.
2024-02-19 13:48:41.397 [info] Extensions: No changes found during synchronizing extensions.
2024-02-19 13:48:41.398 [info] Profiles: No changes found during synchronizing profiles.
2024-02-19 13:48:41.399 [info] Sync done. Took 225ms
2024-02-19 13:53:41.454 [info] Auto Sync: Triggered by Interval
2024-02-19 13:53:41.454 [info] Sync started.
2024-02-19 13:53:41.613 [info] Settings: No changes found during synchronizing settings.
2024-02-19 13:53:41.615 [info] Keybindings: No changes found during synchronizing keybindings.
2024-02-19 13:53:41.616 [info] Snippets: No changes found during synchronizing snippets.
2024-02-19 13:53:41.618 [info] Tasks: No changes found during synchronizing tasks.
2024-02-19 13:53:41.620 [info] GlobalState: No changes found during synchronizing ui state.
2024-02-19 13:53:41.686 [info] Extensions: No changes found during synchronizing extensions.
2024-02-19 13:53:41.686 [info] Profiles: No changes found during synchronizing profiles.
2024-02-19 13:53:41.687 [info] Sync done. Took 234ms
2024-02-19 13:54:24.307 [info] Auto Sync: Triggered by Activity
2024-02-19 13:54:24.307 [info] Sync started.
2024-02-19 13:54:24.370 [info] Settings: No changes found during synchronizing settings.
2024-02-19 13:54:24.371 [info] Keybindings: No changes found during synchronizing keybindings.
2024-02-19 13:54:24.373 [info] Snippets: No changes found during synchronizing snippets.
2024-02-19 13:54:24.374 [info] Tasks: No changes found during synchronizing tasks.
2024-02-19 13:54:24.377 [info] GlobalState: No changes found during synchronizing ui state.
2024-02-19 13:54:24.441 [info] Extensions: No changes found during synchronizing extensions.
2024-02-19 13:54:24.441 [info] Profiles: No changes found during synchronizing profiles.
2024-02-19 13:54:24.442 [info] Sync done. Took 135ms
