2024-02-21 12:30:58.747 [info] 2024-02-21T11:30:58.724Z extension INFO  Activating extension... [
  {
    id: 'mongodb.mongodb-vscode',
    version: '1.5.0',
    mode: 'Production',
    kind: 'UI',
    extensionPath: '/home/aj/.vscode/extensions/mongodb.mongodb-vscode-1.5.0',
    logPath: '/home/aj/.config/Code/logs/20240221T115313/window1/exthost/mongodb.mongodb-vscode',
    workspaceStoragePath: '/home/aj/.config/Code/User/workspaceStorage/d43fab83bc54f941112f5221477dc9d4/mongodb.mongodb-vscode',
    globalStoragePath: '/home/aj/.config/Code/User/globalStorage/mongodb.mongodb-vscode',
    defaultConnectionSavingLocation: 'Global',
    buildInfo: {
      nodeVersion: 'v18.17.1',
      runtimePlatform: 'linux',
      runtimeArch: 'x64'
    }
  }
]

2024-02-21 12:30:58.747 [info] 2024-02-21T11:30:58.724Z telemetry INFO  SegmentKey was found [ { type: 'string' } ]

2024-02-21 12:30:58.747 [info] 2024-02-21T11:30:58.725Z language server controller INFO  Creating MongoDB Language Server... [
  {
    extensionPath: '/home/aj/.vscode/extensions/mongodb.mongodb-vscode-1.5.0',
    languageServer: {
      id: 'mongodbLanguageServer',
      name: 'MongoDB Language Server',
      path: '/home/aj/.vscode/extensions/mongodb.mongodb-vscode-1.5.0/dist/languageServer.js',
      documentSelector: '[{"pattern":"**/*.mongodb.js"},{"pattern":"**/*.mongodb"}]'
    }
  }
]

2024-02-21 12:30:58.747 [info] 2024-02-21T11:30:58.732Z telemetry INFO  Segment analytics activated [ { anonymousId: '01cf3c54-aa8d-4c5f-ae1b-2c56a6ee8a74' } ]

2024-02-21 12:30:58.747 [info] 2024-02-21T11:30:58.732Z language server controller INFO  Starting the language server... []

2024-02-21 12:30:59.027 [info] 2024-02-21T11:30:59.026Z webview controller INFO  Opening webview... []

2024-02-21 12:30:59.027 [info] 2024-02-21T11:30:59.027Z language server controller INFO  MongoDBService initialized. Sending default settings... {"extensionPath":"/home/aj/.vscode/extensions/mongodb.mongodb-vscode-1.5.0","connectionId":null,"hasConnectionString":false,"hasConnectionOptions":false} []

2024-02-21 12:31:09.386 [info] 2024-02-21T11:31:09.386Z telemetry ERROR Failed to track telemetry [
  [TypeError: fetch failed
  	at Object.fetch (node:internal/deps/undici/undici:11576:11)
  	at process.processTicksAndRejections (node:internal/process/task_queues:95:5)
  	at async E.send (/home/aj/.vscode/extensions/mongodb.mongodb-vscode-1.5.0/dist/extension.js:489:815208)] {
    cause: [Error: connect ECONNREFUSED 0.0.0.0:443
    	at TCPConnectWrap.afterConnect [as oncomplete] (node:net:1495:16)] {
      errno: -111,
      code: 'ECONNREFUSED',
      syscall: 'connect',
      address: '0.0.0.0',
      port: 443,
      vslsStack: [Array]
    }
  }
]

2024-02-21 12:32:01.546 [info] 2024-02-21T11:32:01.546Z webview controller INFO  Opening webview... []

2024-02-21 12:32:12.119 [info] 2024-02-21T11:32:12.119Z telemetry ERROR Failed to track telemetry [
  [TypeError: fetch failed
  	at Object.fetch (node:internal/deps/undici/undici:11576:11)
  	at process.processTicksAndRejections (node:internal/process/task_queues:95:5)
  	at async E.send (/home/aj/.vscode/extensions/mongodb.mongodb-vscode-1.5.0/dist/extension.js:489:815208)] {
    cause: [Error: connect ECONNREFUSED 0.0.0.0:443
    	at TCPConnectWrap.afterConnect [as oncomplete] (node:net:1495:16)] {
      errno: -111,
      code: 'ECONNREFUSED',
      syscall: 'connect',
      address: '0.0.0.0',
      port: 443,
      vslsStack: [Array]
    }
  }
]

2024-02-21 12:32:12.761 [info] 2024-02-21T11:32:12.761Z connection controller INFO  connectWithURI command called []

2024-02-21 12:32:23.212 [info] 2024-02-21T11:32:23.212Z telemetry ERROR Failed to track telemetry [
  [TypeError: fetch failed
  	at Object.fetch (node:internal/deps/undici/undici:11576:11)
  	at process.processTicksAndRejections (node:internal/process/task_queues:95:5)
  	at async E.send (/home/aj/.vscode/extensions/mongodb.mongodb-vscode-1.5.0/dist/extension.js:489:815208)] {
    cause: [Error: connect ECONNREFUSED 0.0.0.0:443
    	at TCPConnectWrap.afterConnect [as oncomplete] (node:net:1495:16)] {
      errno: -111,
      code: 'ECONNREFUSED',
      syscall: 'connect',
      address: '0.0.0.0',
      port: 443,
      vslsStack: [Array]
    }
  }
]

2024-02-21 12:32:30.087 [info] 2024-02-21T11:32:30.081Z connection controller INFO  Trying to connect to a new connection configuration... []

2024-02-21 12:32:30.096 [info] 2024-02-21T11:32:30.088Z connection controller INFO  Connect called to connect to instance [ 'logbook.i7seof1.mongodb.net' ]

2024-02-21 12:32:30.096 [info] 2024-02-21T11:32:30.089Z connection controller INFO  Connecting to MongoDB... [
  {
    connectionInfo: '{"id":"535ccce3-f1cc-4092-931f-6b88f20c5e7c","name":"logbook.i7seof1.mongodb.net","storageLocation":"GLOBAL","secretStorageLocation":"vscode.SecretStorage","connectionOptions":{"connectionString":"mongodb+srv://logins@logbook.i7seof1.mongodb.net/?retryWrites=true&w=majority&appname=mongodb-vscode+1.5.0"}}'
  }
]

2024-02-21 12:32:30.096 [info] 2024-02-21T11:32:30.095Z connection controller INFO  COMPASS-DATA-SERVICE [
  { __value: 1001000014 },
  'Connection 0',
  'Connecting',
  {
    url: 'mongodb+srv://<credentials>@logbook.i7seof1.mongodb.net/?retryWrites=true&w=majority&appname=mongodb-vscode+1.5.0',
    csfle: null
  }
]

2024-02-21 12:32:30.099 [info] 2024-02-21T11:32:30.097Z connection controller ERROR DEVTOOLS-CONNECT [
  { __value: 1000000041 },
  'compass-deps',
  'Missing optional dependency',
  {
    name: 'mongodb-client-encryption',
    error: "Cannot find module 'mongodb-client-encryption'\n" +
      'Require stack:\n' +
      '- /home/aj/.vscode/extensions/mongodb.mongodb-vscode-1.5.0/dist/extension.js\n' +
      '- /opt/visual-studio-code/resources/app/out/vs/loader.js\n' +
      '- /opt/visual-studio-code/resources/app/out/bootstrap-amd.js\n' +
      '- /opt/visual-studio-code/resources/app/out/bootstrap-fork.js\n' +
      '- '
  }
]

2024-02-21 12:32:30.099 [info] 2024-02-21T11:32:30.097Z connection controller ERROR DEVTOOLS-CONNECT [
  { __value: 1000000041 },
  'compass-deps',
  'Missing optional dependency',
  {
    name: 'os-dns-native',
    error: "Cannot find module 'os-dns-native'\n" +
      'Require stack:\n' +
      '- /home/aj/.vscode/extensions/mongodb.mongodb-vscode-1.5.0/dist/extension.js\n' +
      '- /opt/visual-studio-code/resources/app/out/vs/loader.js\n' +
      '- /opt/visual-studio-code/resources/app/out/bootstrap-amd.js\n' +
      '- /opt/visual-studio-code/resources/app/out/bootstrap-fork.js\n' +
      '- '
  }
]

2024-02-21 12:32:30.099 [info] 2024-02-21T11:32:30.099Z connection controller ERROR DEVTOOLS-CONNECT [
  { __value: 1000000038 },
  'compass-connect',
  'Resolving SRV record failed',
  {
    from: '',
    error: "Cannot find module 'os-dns-native'\n" +
      'Require stack:\n' +
      '- /home/aj/.vscode/extensions/mongodb.mongodb-vscode-1.5.0/dist/extension.js\n' +
      '- /opt/visual-studio-code/resources/app/out/vs/loader.js\n' +
      '- /opt/visual-studio-code/resources/app/out/bootstrap-amd.js\n' +
      '- /opt/visual-studio-code/resources/app/out/bootstrap-fork.js\n' +
      '- ',
    duringLoad: true,
    resolutionDetails: []
  }
]

2024-02-21 12:32:30.104 [info] 2024-02-21T11:32:30.103Z connection controller INFO  DEVTOOLS-CONNECT [
  { __value: 1000000042 },
  'compass-connect',
  'Initiating connection attempt',
  {
    uri: 'mongodb+srv://<credentials>@logbook.i7seof1.mongodb.net/?retryWrites=true&w=majority&appname=mongodb-vscode+1.5.0',
    driver: { name: 'nodejs', version: '6.3.0' },
    devtoolsConnectVersion: '2.4.3',
    host: 'logbook.i7seof1.mongodb.net'
  }
]

2024-02-21 12:32:30.177 [info] 2024-02-21T11:32:30.173Z connection controller INFO  COMPASS-DATA-SERVICE [
  { __value: 1001000021 },
  'Connection 0',
  'Topology description changed',
  {
    isWritable: false,
    isMongos: false,
    previousType: 'Unknown',
    newType: 'ReplicaSetNoPrimary'
  }
]

2024-02-21 12:32:30.177 [info] 2024-02-21T11:32:30.174Z connection controller INFO  COMPASS-DATA-SERVICE [
  { __value: 1001000019 },
  'Connection 0',
  'Server opening',
  { address: 'ac-wypfyfn-shard-00-02.i7seof1.mongodb.net:27017' }
]

2024-02-21 12:32:30.177 [info] 2024-02-21T11:32:30.175Z connection controller INFO  COMPASS-DATA-SERVICE [
  { __value: 1001000019 },
  'Connection 0',
  'Server opening',
  { address: 'ac-wypfyfn-shard-00-00.i7seof1.mongodb.net:27017' }
]

2024-02-21 12:32:30.177 [info] 2024-02-21T11:32:30.176Z connection controller INFO  COMPASS-DATA-SERVICE [
  { __value: 1001000019 },
  'Connection 0',
  'Server opening',
  { address: 'ac-wypfyfn-shard-00-01.i7seof1.mongodb.net:27017' }
]

2024-02-21 12:32:30.243 [info] 2024-02-21T11:32:30.242Z connection controller DEBUG COMPASS-DATA-SERVICE [
  { __value: 1001000022 },
  'Connection 0',
  'Server heartbeat succeeded',
  {
    connectionId: 'ac-wypfyfn-shard-00-00.i7seof1.mongodb.net:27017',
    duration: 66
  }
]

2024-02-21 12:32:30.243 [info] 2024-02-21T11:32:30.242Z connection controller INFO  DEVTOOLS-CONNECT [
  { __value: 1000000035 },
  'compass-connect',
  'Server heartbeat succeeded',
  { connectionId: 'ac-wypfyfn-shard-00-00.i7seof1.mongodb.net:27017' }
]

2024-02-21 12:32:30.243 [info] 2024-02-21T11:32:30.242Z connection controller INFO  COMPASS-DATA-SERVICE [
  { __value: 1001000018 },
  'Connection 0',
  'Server description changed',
  {
    address: 'ac-wypfyfn-shard-00-00.i7seof1.mongodb.net:27017',
    error: null,
    previousType: 'Unknown',
    newType: 'RSSecondary'
  }
]

2024-02-21 12:32:30.243 [info] 2024-02-21T11:32:30.242Z connection controller INFO  COMPASS-DATA-SERVICE [
  { __value: 1001000021 },
  'Connection 0',
  'Topology description changed',
  {
    isWritable: false,
    isMongos: false,
    previousType: 'ReplicaSetNoPrimary',
    newType: 'ReplicaSetNoPrimary'
  }
]

2024-02-21 12:32:30.272 [info] 2024-02-21T11:32:30.271Z connection controller DEBUG COMPASS-DATA-SERVICE [
  { __value: 1001000022 },
  'Connection 0',
  'Server heartbeat succeeded',
  {
    connectionId: 'ac-wypfyfn-shard-00-01.i7seof1.mongodb.net:27017',
    duration: 95
  }
]

2024-02-21 12:32:30.272 [info] 2024-02-21T11:32:30.272Z connection controller INFO  DEVTOOLS-CONNECT [
  { __value: 1000000035 },
  'compass-connect',
  'Server heartbeat succeeded',
  { connectionId: 'ac-wypfyfn-shard-00-01.i7seof1.mongodb.net:27017' }
]

2024-02-21 12:32:30.272 [info] 2024-02-21T11:32:30.272Z connection controller INFO  COMPASS-DATA-SERVICE [
  { __value: 1001000018 },
  'Connection 0',
  'Server description changed',
  {
    address: 'ac-wypfyfn-shard-00-01.i7seof1.mongodb.net:27017',
    error: null,
    previousType: 'Unknown',
    newType: 'RSSecondary'
  }
]

2024-02-21 12:32:30.272 [info] 2024-02-21T11:32:30.272Z connection controller INFO  COMPASS-DATA-SERVICE [
  { __value: 1001000021 },
  'Connection 0',
  'Topology description changed',
  {
    isWritable: false,
    isMongos: false,
    previousType: 'ReplicaSetNoPrimary',
    newType: 'ReplicaSetNoPrimary'
  }
]

2024-02-21 12:32:30.311 [info] 2024-02-21T11:32:30.310Z connection controller DEBUG COMPASS-DATA-SERVICE [
  { __value: 1001000022 },
  'Connection 0',
  'Server heartbeat succeeded',
  {
    connectionId: 'ac-wypfyfn-shard-00-02.i7seof1.mongodb.net:27017',
    duration: 135
  }
]

2024-02-21 12:32:30.311 [info] 2024-02-21T11:32:30.310Z connection controller INFO  DEVTOOLS-CONNECT [
  { __value: 1000000035 },
  'compass-connect',
  'Server heartbeat succeeded',
  { connectionId: 'ac-wypfyfn-shard-00-02.i7seof1.mongodb.net:27017' }
]

2024-02-21 12:32:30.311 [info] 2024-02-21T11:32:30.311Z connection controller INFO  COMPASS-DATA-SERVICE [
  { __value: 1001000018 },
  'Connection 0',
  'Server description changed',
  {
    address: 'ac-wypfyfn-shard-00-02.i7seof1.mongodb.net:27017',
    error: null,
    previousType: 'Unknown',
    newType: 'RSPrimary'
  }
]

2024-02-21 12:32:30.311 [info] 2024-02-21T11:32:30.311Z connection controller INFO  COMPASS-DATA-SERVICE [
  { __value: 1001000021 },
  'Connection 0',
  'Topology description changed',
  {
    isWritable: true,
    isMongos: false,
    previousType: 'ReplicaSetNoPrimary',
    newType: 'ReplicaSetWithPrimary'
  }
]

2024-02-21 12:32:30.477 [info] 2024-02-21T11:32:30.476Z connection controller DEBUG COMPASS-DATA-SERVICE [
  { __value: 1001000029 },
  'Connection 0',
  'Driver command succeeded',
  {
    address: '40.115.25.60:27017',
    serverConnectionId: 1,
    duration: 9,
    commandName: 'ping'
  }
]

2024-02-21 12:32:30.477 [info] 2024-02-21T11:32:30.477Z connection controller INFO  DEVTOOLS-CONNECT [
  { __value: 1000000037 },
  'compass-connect',
  'Connection attempt finished',
  undefined
]

2024-02-21 12:32:30.488 [info] 2024-02-21T11:32:30.488Z connection controller DEBUG COMPASS-DATA-SERVICE [
  { __value: 1001000029 },
  'Connection 0',
  'Driver command succeeded',
  {
    address: '40.115.25.60:27017',
    serverConnectionId: 1,
    duration: 10,
    commandName: 'ping'
  }
]

2024-02-21 12:32:30.489 [info] 2024-02-21T11:32:30.489Z connection controller INFO  COMPASS-DATA-SERVICE [
  { __value: 1001000015 },
  'Connection 0',
  'Connected',
  { isWritable: true, isMongos: false }
]

2024-02-21 12:32:30.495 [info] 2024-02-21T11:32:30.489Z connection controller INFO  Successfully connected [ { connectionId: '535ccce3-f1cc-4092-931f-6b88f20c5e7c' } ]

2024-02-21 12:32:30.495 [info] 2024-02-21T11:32:30.490Z language server controller INFO  Changing MongoDBService active connection... [ { connectionId: '535ccce3-f1cc-4092-931f-6b88f20c5e7c' } ]

2024-02-21 12:32:30.507 [info] 2024-02-21T11:32:30.507Z connection controller DEBUG COMPASS-DATA-SERVICE [
  { __value: 1001000029 },
  'Connection 0',
  'Driver command succeeded',
  {
    address: '40.115.25.60:27017',
    serverConnectionId: 1,
    duration: 11,
    commandName: 'connectionStatus'
  }
]

2024-02-21 12:32:30.519 [info] 2024-02-21T11:32:30.518Z connection controller DEBUG COMPASS-DATA-SERVICE [
  { __value: 1001000030 },
  'Connection 0',
  'Driver command failed',
  {
    address: '40.115.25.60:27017',
    serverConnectionId: 1,
    duration: 11,
    commandName: 'getParameter',
    failure: '{getParameter: 1, featureCompatibilityVersion: ""} not allowed in this atlas tier'
  }
]

2024-02-21 12:32:30.528 [info] 2024-02-21T11:32:30.528Z connection controller DEBUG COMPASS-DATA-SERVICE [
  { __value: 1001000029 },
  'Connection 0',
  'Driver command succeeded',
  {
    address: '40.115.25.60:27017',
    serverConnectionId: 1,
    duration: 9,
    commandName: 'atlasVersion'
  }
]

2024-02-21 12:32:30.578 [info] 2024-02-21T11:32:30.578Z connection controller DEBUG COMPASS-DATA-SERVICE [
  { __value: 1001000030 },
  'Connection 0',
  'Driver command failed',
  {
    address: '40.115.25.60:27017',
    serverConnectionId: 1,
    duration: 50,
    commandName: 'aggregate',
    failure: '(Unauthorized) not authorized on admin to execute command aggregate'
  }
]

2024-02-21 12:32:30.644 [info] 2024-02-21T11:32:30.644Z connection controller DEBUG COMPASS-DATA-SERVICE [
  { __value: 1001000029 },
  'Connection 0',
  'Driver command succeeded',
  {
    address: '40.115.25.60:27017',
    serverConnectionId: 1,
    duration: 66,
    commandName: 'listDatabases'
  }
]

2024-02-21 12:32:30.678 [info] 2024-02-21T11:32:30.678Z connection controller DEBUG COMPASS-DATA-SERVICE [
  { __value: 1001000029 },
  'Connection 0',
  'Driver command succeeded',
  {
    address: '40.115.25.60:27017',
    serverConnectionId: 1,
    duration: 34,
    commandName: 'connectionStatus'
  }
]

2024-02-21 12:32:30.678 [info] 2024-02-21T11:32:30.678Z connection controller INFO  COMPASS-DATA-SERVICE [
  { __value: 1001000100 },
  'Connection 0',
  'Running _connectionStatus',
  undefined
]

2024-02-21 12:32:30.707 [info] 2024-02-21T11:32:30.707Z connection controller DEBUG COMPASS-DATA-SERVICE [
  { __value: 1001000029 },
  'Connection 0',
  'Driver command succeeded',
  {
    address: '40.115.25.60:27017',
    serverConnectionId: 3,
    duration: 30,
    commandName: 'buildInfo'
  }
]

2024-02-21 12:32:30.730 [info] 2024-02-21T11:32:30.730Z connection controller DEBUG COMPASS-DATA-SERVICE [
  { __value: 1001000030 },
  'Connection 0',
  'Driver command failed',
  {
    address: '40.115.25.60:27017',
    serverConnectionId: 2,
    duration: 12,
    commandName: 'hostInfo',
    failure: '(Unauthorized) not authorized on admin to execute command { hostInfo: 1, lsid: { id: {4 [43 99 230 8 72 240 66 45 143 212 21 249 81 47 1 27]} }, $clusterTime: { clusterTime: {1708515150 23}, signature: { hash: {0 [125 232 71 45 127 207 23 226 21 176 32 92 76 100 178 20 222 127 30 3]}, keyId: 7286537065636823040.000000 } }, $db: "admin" }'
  }
]

2024-02-21 12:32:30.731 [info] 2024-02-21T11:32:30.731Z connection controller INFO  COMPASS-DATA-SERVICE [
  { __value: 1001000024 },
  'Connection 0',
  'Running instance',
  {
    serverVersion: '6.0.13',
    genuineMongoDB: { isGenuine: true, dbType: 'mongodb' },
    dataLake: { isDataLake: false, version: null },
    featureCompatibilityVersion: null
  }
]

2024-02-21 12:32:35.860 [info] 2024-02-21T11:32:35.859Z connection controller DEBUG COMPASS-DATA-SERVICE [
  { __value: 1001000029 },
  'Connection 0',
  'Driver command succeeded',
  {
    address: '40.115.25.60:27017',
    serverConnectionId: 4,
    duration: 10,
    commandName: 'connectionStatus'
  }
]

2024-02-21 12:32:35.860 [info] 2024-02-21T11:32:35.860Z connection controller INFO  COMPASS-DATA-SERVICE [
  { __value: 1001000100 },
  'Connection 0',
  'Running _connectionStatus',
  undefined
]

2024-02-21 12:32:35.860 [info] 2024-02-21T11:32:35.860Z connection controller INFO  COMPASS-DATA-SERVICE [
  { __value: 1001000033 },
  'Connection 0',
  'Running listDatabases',
  { nameOnly: true, databasesCount: 2 }
]

2024-02-21 12:32:35.914 [info] 2024-02-21T11:32:35.914Z language server controller INFO  MongoDBService active connection has changed [
  {
    successfullyConnected: true,
    connectionId: '535ccce3-f1cc-4092-931f-6b88f20c5e7c'
  }
]

2024-02-21 12:32:41.310 [info] 2024-02-21T11:32:41.310Z telemetry ERROR Failed to track telemetry [
  [TypeError: fetch failed
  	at Object.fetch (node:internal/deps/undici/undici:11576:11)
  	at process.processTicksAndRejections (node:internal/process/task_queues:95:5)
  	at async E.send (/home/aj/.vscode/extensions/mongodb.mongodb-vscode-1.5.0/dist/extension.js:489:815208)] {
    cause: [Error: connect ECONNREFUSED 0.0.0.0:443
    	at TCPConnectWrap.afterConnect [as oncomplete] (node:net:1495:16)] {
      errno: -111,
      code: 'ECONNREFUSED',
      syscall: 'connect',
      address: '0.0.0.0',
      port: 443,
      vslsStack: [Array]
    }
  }
]

2024-02-21 13:01:13.728 [info] 2024-02-21T12:01:13.728Z connection controller DEBUG COMPASS-DATA-SERVICE [
  { __value: 1001000022 },
  'Connection 0',
  'Server heartbeat succeeded',
  {
    connectionId: 'ac-wypfyfn-shard-00-02.i7seof1.mongodb.net:27017',
    duration: 739
  }
]

2024-02-21 13:01:23.888 [info] 2024-02-21T12:01:23.888Z connection controller DEBUG COMPASS-DATA-SERVICE [
  { __value: 1001000022 },
  'Connection 0',
  'Server heartbeat succeeded',
  {
    connectionId: 'ac-wypfyfn-shard-00-02.i7seof1.mongodb.net:27017',
    duration: 25
  }
]

2024-02-21 13:02:43.924 [info] 2024-02-21T12:02:43.924Z connection controller DEBUG COMPASS-DATA-SERVICE [
  { __value: 1001000022 },
  'Connection 0',
  'Server heartbeat succeeded',
  {
    connectionId: 'ac-wypfyfn-shard-00-02.i7seof1.mongodb.net:27017',
    duration: 713
  }
]

2024-02-21 13:02:53.855 [info] 2024-02-21T12:02:53.855Z connection controller DEBUG COMPASS-DATA-SERVICE [
  { __value: 1001000022 },
  'Connection 0',
  'Server heartbeat succeeded',
  {
    connectionId: 'ac-wypfyfn-shard-00-02.i7seof1.mongodb.net:27017',
    duration: 30
  }
]

2024-02-21 13:51:32.443 [info] 2024-02-21T12:51:32.431Z extension INFO  Deactivating extension... []

2024-02-21 13:51:32.443 [info] 2024-02-21T12:51:32.431Z connection controller INFO  Disconnect called, currently connected to [ '535ccce3-f1cc-4092-931f-6b88f20c5e7c' ]

2024-02-21 13:51:32.444 [info] 2024-02-21T12:51:32.432Z language server controller INFO  Changing MongoDBService active connection... [ { connectionId: null } ]

2024-02-21 13:51:32.444 [info] 2024-02-21T12:51:32.432Z connection controller INFO  COMPASS-DATA-SERVICE [ { __value: 1001000016 }, 'Connection 0', 'Disconnecting' ]

2024-02-21 13:51:32.444 [info] 2024-02-21T12:51:32.434Z connection controller INFO  Disconnect called, currently connected to [ null ]

2024-02-21 13:51:32.444 [info] 2024-02-21T12:51:32.434Z language server controller INFO  Changing MongoDBService active connection... [ { connectionId: null } ]

2024-02-21 13:51:32.444 [info] 2024-02-21T12:51:32.434Z connection controller INFO  COMPASS-DATA-SERVICE [ { __value: 1001000016 }, 'Connection 0', 'Disconnecting' ]

2024-02-21 13:51:32.445 [info] 2024-02-21T12:51:32.445Z connection controller INFO  OIDC-PLUGIN [
  { __value: 1002000021 },
  'compass-oidc',
  'Destroyed OIDC plugin instance'
]

2024-02-21 13:51:32.445 [info] 2024-02-21T12:51:32.445Z connection controller INFO  OIDC-PLUGIN [
  { __value: 1002000021 },
  'compass-oidc',
  'Destroyed OIDC plugin instance'
]

2024-02-21 13:51:32.446 [info] 2024-02-21T12:51:32.446Z connection controller DEBUG COMPASS-DATA-SERVICE [
  { __value: 1001000029 },
  'Connection 0',
  'Driver command succeeded',
  {
    address: '40.115.25.60:27017',
    serverConnectionId: 4,
    duration: 1,
    commandName: 'endSessions'
  }
]

2024-02-21 13:51:32.446 [info] 2024-02-21T12:51:32.446Z connection controller DEBUG COMPASS-DATA-SERVICE [
  { __value: 1001000029 },
  'Connection 0',
  'Driver command succeeded',
  {
    address: '40.115.25.60:27017',
    serverConnectionId: 4,
    duration: 0,
    commandName: 'endSessions'
  }
]

2024-02-21 13:51:32.448 [info] 2024-02-21T12:51:32.446Z connection controller WARN  COMPASS-DATA-SERVICE [
  { __value: 1001000023 },
  'Connection 0',
  'Server heartbeat failed',
  {
    connectionId: 'ac-wypfyfn-shard-00-02.i7seof1.mongodb.net:27017',
    duration: 4054,
    failure: 'connection <monitor> to 40.115.25.60:27017 closed'
  }
]

2024-02-21 13:51:32.448 [info] 2024-02-21T12:51:32.447Z connection controller WARN  COMPASS-DATA-SERVICE [
  { __value: 1001000023 },
  'Connection 0',
  'Server heartbeat failed',
  {
    connectionId: 'ac-wypfyfn-shard-00-00.i7seof1.mongodb.net:27017',
    duration: 7171,
    failure: 'connection <monitor> to 13.81.31.2:27017 closed'
  }
]

2024-02-21 13:51:32.448 [info] 2024-02-21T12:51:32.447Z connection controller INFO  COMPASS-DATA-SERVICE [
  { __value: 1001000020 },
  'Connection 0',
  'Server closed',
  { address: 'ac-wypfyfn-shard-00-00.i7seof1.mongodb.net:27017' }
]

2024-02-21 13:51:32.448 [info] 2024-02-21T12:51:32.447Z connection controller WARN  COMPASS-DATA-SERVICE [
  { __value: 1001000023 },
  'Connection 0',
  'Server heartbeat failed',
  {
    connectionId: 'ac-wypfyfn-shard-00-01.i7seof1.mongodb.net:27017',
    duration: 7415,
    failure: 'connection <monitor> to 13.81.25.251:27017 closed'
  }
]

2024-02-21 13:51:32.448 [info] 2024-02-21T12:51:32.447Z connection controller INFO  COMPASS-DATA-SERVICE [
  { __value: 1001000020 },
  'Connection 0',
  'Server closed',
  { address: 'ac-wypfyfn-shard-00-01.i7seof1.mongodb.net:27017' }
]

2024-02-21 13:51:32.448 [info] 2024-02-21T12:51:32.448Z connection controller INFO  COMPASS-DATA-SERVICE [ { __value: 1001000017 }, 'Connection 0', 'Fully closed' ]

2024-02-21 13:51:32.448 [info] 2024-02-21T12:51:32.448Z language server controller INFO  Deactivating the language server... []

2024-02-21 13:51:32.454 [info] 2024-02-21T12:51:32.454Z connection controller INFO  COMPASS-DATA-SERVICE [ { __value: 1001000017 }, 'Connection 0', 'Fully closed' ]

2024-02-21 13:51:32.454 [info] 2024-02-21T12:51:32.454Z language server controller INFO  Deactivating the language server... []

