2024-02-21 13:52:24.410 [info] Extension host with pid 37341 started
2024-02-21 13:52:24.410 [info] Skipping acquiring lock for /home/aj/.config/Code/User/workspaceStorage/d43fab83bc54f941112f5221477dc9d4.
2024-02-21 13:52:24.592 [info] ExtensionService#_doActivateExtension GrapeCity.gc-excelviewer, startup: false, activationEvent: 'onLanguage:plaintext'
2024-02-21 13:52:24.593 [info] ExtensionService#_doActivateExtension mongodb.mongodb-vscode, startup: false, activationEvent: 'onLanguage:plaintext'
2024-02-21 13:52:24.990 [info] ExtensionService#_doActivateExtension vscode.emmet, startup: false, activationEvent: 'onLanguage'
2024-02-21 13:52:24.992 [info] ExtensionService#_doActivateExtension vscode.typescript-language-features, startup: false, activationEvent: 'onLanguage:javascript'
2024-02-21 13:52:25.116 [info] ExtensionService#_doActivateExtension vscode.github-authentication, startup: false, activationEvent: 'onAuthenticationRequest:github'
2024-02-21 13:52:25.412 [info] ExtensionService#_doActivateExtension vscode.json-language-features, startup: false, activationEvent: 'onLanguage:jsonc'
2024-02-21 13:52:25.464 [info] ExtensionService#_doActivateExtension vscode.git-base, startup: true, activationEvent: '*', root cause: vscode.git
2024-02-21 13:52:25.466 [info] ExtensionService#_doActivateExtension christian-kohler.path-intellisense, startup: true, activationEvent: '*'
2024-02-21 13:52:25.473 [info] ExtensionService#_doActivateExtension vscode.npm, startup: true, activationEvent: 'workspaceContains:package.json'
2024-02-21 13:52:25.542 [info] ExtensionService#_doActivateExtension vscode.git, startup: true, activationEvent: '*'
2024-02-21 13:52:25.555 [info] ExtensionService#_doActivateExtension vscode.github, startup: true, activationEvent: '*'
2024-02-21 13:52:25.603 [info] Eager extensions activated
2024-02-21 13:52:25.624 [info] ExtensionService#_doActivateExtension vscode.debug-auto-launch, startup: false, activationEvent: 'onStartupFinished'
2024-02-21 13:52:25.625 [info] ExtensionService#_doActivateExtension vscode.merge-conflict, startup: false, activationEvent: 'onStartupFinished'
2024-02-21 13:52:25.629 [info] ExtensionService#_doActivateExtension ecmel.vscode-html-css, startup: false, activationEvent: 'onStartupFinished'
2024-02-21 13:52:25.630 [info] ExtensionService#_doActivateExtension esbenp.prettier-vscode, startup: false, activationEvent: 'onStartupFinished'
2024-02-21 13:52:25.645 [info] ExtensionService#_doActivateExtension ms-vscode-remote.remote-containers, startup: false, activationEvent: 'onStartupFinished'
2024-02-21 13:52:25.669 [info] ExtensionService#_doActivateExtension ms-vscode-remote.remote-wsl, startup: false, activationEvent: 'onStartupFinished'
2024-02-21 13:52:25.674 [info] ExtensionService#_doActivateExtension ritwickdey.LiveServer, startup: false, activationEvent: 'onStartupFinished'
2024-02-21 13:52:25.677 [info] ExtensionService#_doActivateExtension vscode-icons-team.vscode-icons, startup: false, activationEvent: 'onStartupFinished'
2024-02-21 13:52:25.689 [info] ExtensionService#_doActivateExtension zhuangtongfa.material-theme, startup: false, activationEvent: 'onStartupFinished'
2024-02-21 13:52:25.738 [info] ExtensionService#_doActivateExtension ms-vsliveshare.vsliveshare, startup: false, activationEvent: 'api', root cause: ritwickdey.LiveServer
2024-02-21 15:54:35.275 [info] Extension host terminating: renderer closed the MessagePort
2024-02-21 15:54:35.327 [info] Extension host with pid 37341 exiting with code 0
