    OpenRGB v0.9
    Commit:  from 
    Launched: 20240216_183946
====================================================================================================

1020  |Info:    ------------------------------------------------------
1020  |Info:    |               Start device detection               |
1020  |Info:    ------------------------------------------------------
1021  |Info:    Initializing HID interfaces: Success
1029  |Info:    ------------------------------------------------------
1029  |Info:    |             Detecting I2C interfaces               |
1029  |Info:    ------------------------------------------------------
1029  |Info:    Registering I2C interface: /dev/i2c-3 Device 10DE:13C2 Subsystem: 1462:3160
1029  |Info:    Registering I2C interface: /dev/i2c-1 Device 10DE:13C2 Subsystem: 1462:3160
1029  |Info:    Registering I2C interface: /dev/i2c-8 Device 1022:790B Subsystem: 1462:7C84
1029  |Info:    Registering I2C interface: /dev/i2c-6 Device 1022:790B Subsystem: 1462:7C84
1029  |Info:    Registering I2C interface: /dev/i2c-4 Device 10DE:13C2 Subsystem: 1462:3160
1029  |Info:    Registering I2C interface: /dev/i2c-2 Device 10DE:13C2 Subsystem: 1462:3160
1029  |Info:    Registering I2C interface: /dev/i2c-0 Device 10DE:13C2 Subsystem: 1462:3160
1029  |Info:    Registering I2C interface: /dev/i2c-7 Device 1022:790B Subsystem: 1462:7C84
1030  |Info:    Registering I2C interface: /dev/i2c-5 Device 10DE:13C2 Subsystem: 1462:3160
1030  |Info:    ------------------------------------------------------
1030  |Info:    |               Detecting I2C devices                |
1030  |Info:    ------------------------------------------------------
1752  |Info:    [Corsair Dominator Platinum] Registering RGB controller
1764  |Info:    [Corsair Dominator Platinum] Registering RGB controller
2072  |Info:    ------------------------------------------------------
2072  |Info:    |               Detecting I2C PCI devices            |
2072  |Info:    ------------------------------------------------------
2073  |Info:    ------------------------------------------------------
2073  |Info:    |               Detecting HID devices                |
2073  |Info:    ------------------------------------------------------
2104  |Info:    [KLM] Created new Full 104 key ANSI QWERTY with 6 rows and 21 columns containing 104 keys
2104  |Info:    [Razer Ornata Chroma] Registering RGB controller
3294  |Info:    [G502 LIGHTSPEED Wireless Gaming Mouse] Registering RGB controller
3367  |Info:    [MSI MAG X570 TOMAHAWK WIFI (MS-7C84)] Registering RGB controller
3367  |Info:    ------------------------------------------------------
3367  |Info:    |            Detecting libusb HID devices            |
3367  |Info:    ------------------------------------------------------
3437  |Info:    ------------------------------------------------------
3437  |Info:    |              Detecting other devices               |
3437  |Info:    ------------------------------------------------------
3445  |Info:    ------------------------------------------------------
3445  |Info:    |                Detection completed                 |
3445  |Info:    ------------------------------------------------------
