2024-02-16T17:11:23.263Z 0: 

----------------------------------------------
2024-02-16T17:11:23.276Z 1: Discord starting: {"releaseChannel":"stable","version":"0.0.43"}, modulepath: /home/aj/.config/discord/0.0.43/modules
2024-02-16T17:11:23.282Z 2: ✅ webContents.created web1 ""
2024-02-16T17:11:23.289Z 3: ✅ window.created win1 "discord"
2024-02-16T17:11:23.535Z 4: ✅ webContents.did-finish-load web1
2024-02-16T17:11:28.464Z 5: ✅ webContents.created web2 ""
2024-02-16T17:11:28.473Z 6: ✅ window.created win2 "Discord"
2024-02-16T17:11:30.136Z 7: ✅ webContents.did-finish-load web2
2024-02-16T17:11:30.234Z 8: window.close win1
2024-02-16T17:11:30.257Z 9: webContents.destroyed web1
2024-02-16T17:11:30.262Z 10: window.closed win1
2024-02-16T18:41:14.184Z 11: before-quit
2024-02-16T18:41:14.188Z 12: window.close win2
2024-02-16T18:41:14.193Z 13: ❌ child-process-gone {
  type: 'Utility',
  reason: 'killed',
  exitCode: 15,
  serviceName: 'audio.mojom.AudioService',
  name: 'Audio Service'
}
2024-02-16T18:41:14.204Z 14: ❌ child-process-gone {
  type: 'Utility',
  reason: 'killed',
  exitCode: 15,
  serviceName: 'network.mojom.NetworkService',
  name: 'Network Service'
}
