2024-02-19 12:32:43.500 [info] Log level: Info
2024-02-19 12:32:43.500 [info] Validating found git in: "git"
2024-02-19 12:32:43.500 [info] Using git "2.43.2" from "git"
2024-02-19 12:32:43.575 [info] > git rev-parse --show-toplevel [92ms]
2024-02-19 12:32:43.575 [info] fatal: not a git repository (or any parent up to mount point /media)
Stopping at filesystem boundary (GIT_DISCOVERY_ACROSS_FILESYSTEM not set).
2024-02-19 12:32:44.154 [info] > git rev-parse --show-toplevel [561ms]
2024-02-19 12:32:44.154 [info] fatal: not a git repository (or any parent up to mount point /media)
Stopping at filesystem boundary (GIT_DISCOVERY_ACROSS_FILESYSTEM not set).
2024-02-19 12:32:44.194 [info] > git rev-parse --show-toplevel [22ms]
2024-02-19 12:32:44.194 [info] fatal: not a git repository (or any parent up to mount point /media)
Stopping at filesystem boundary (GIT_DISCOVERY_ACROSS_FILESYSTEM not set).
2024-02-19 12:32:44.281 [info] > git rev-parse --show-toplevel [64ms]
2024-02-19 12:32:44.281 [info] fatal: not a git repository (or any parent up to mount point /media)
Stopping at filesystem boundary (GIT_DISCOVERY_ACROSS_FILESYSTEM not set).
2024-02-19 12:32:44.299 [info] > git rev-parse --show-toplevel [11ms]
2024-02-19 12:32:44.299 [info] fatal: not a git repository (or any parent up to mount point /media)
Stopping at filesystem boundary (GIT_DISCOVERY_ACROSS_FILESYSTEM not set).
2024-02-19 12:32:44.318 [info] > git rev-parse --show-toplevel [11ms]
2024-02-19 12:32:44.318 [info] fatal: not a git repository (or any parent up to mount point /media)
Stopping at filesystem boundary (GIT_DISCOVERY_ACROSS_FILESYSTEM not set).
2024-02-19 12:32:44.336 [info] > git rev-parse --show-toplevel [11ms]
2024-02-19 12:32:44.336 [info] fatal: not a git repository (or any parent up to mount point /media)
Stopping at filesystem boundary (GIT_DISCOVERY_ACROSS_FILESYSTEM not set).
2024-02-19 12:32:44.354 [info] > git rev-parse --show-toplevel [11ms]
2024-02-19 12:32:44.354 [info] fatal: not a git repository (or any parent up to mount point /media)
Stopping at filesystem boundary (GIT_DISCOVERY_ACROSS_FILESYSTEM not set).
2024-02-19 12:32:44.370 [info] > git rev-parse --show-toplevel [10ms]
2024-02-19 12:32:44.370 [info] fatal: not a git repository (or any parent up to mount point /media)
Stopping at filesystem boundary (GIT_DISCOVERY_ACROSS_FILESYSTEM not set).
2024-02-19 12:32:44.391 [info] > git rev-parse --show-toplevel [5ms]
2024-02-19 12:32:44.391 [info] fatal: not a git repository (or any parent up to mount point /media)
Stopping at filesystem boundary (GIT_DISCOVERY_ACROSS_FILESYSTEM not set).
2024-02-19 12:32:44.398 [info] > git rev-parse --show-toplevel [1ms]
2024-02-19 12:32:44.398 [info] fatal: not a git repository (or any parent up to mount point /media)
Stopping at filesystem boundary (GIT_DISCOVERY_ACROSS_FILESYSTEM not set).
2024-02-19 12:32:44.420 [info] > git rev-parse --show-toplevel [8ms]
2024-02-19 12:32:44.420 [info] fatal: not a git repository (or any parent up to mount point /media)
Stopping at filesystem boundary (GIT_DISCOVERY_ACROSS_FILESYSTEM not set).
2024-02-19 12:32:44.571 [info] > git rev-parse --show-toplevel [51ms]
2024-02-19 12:32:44.571 [info] fatal: not a git repository (or any parent up to mount point /media)
Stopping at filesystem boundary (GIT_DISCOVERY_ACROSS_FILESYSTEM not set).
2024-02-19 12:32:44.647 [info] > git rev-parse --show-toplevel [3ms]
2024-02-19 12:32:44.647 [info] fatal: not a git repository (or any parent up to mount point /media)
Stopping at filesystem boundary (GIT_DISCOVERY_ACROSS_FILESYSTEM not set).
2024-02-19 12:32:44.683 [info] > git rev-parse --show-toplevel [29ms]
2024-02-19 12:32:44.683 [info] fatal: not a git repository (or any parent up to mount point /media)
Stopping at filesystem boundary (GIT_DISCOVERY_ACROSS_FILESYSTEM not set).
2024-02-19 12:33:53.078 [info] Log level: Info
2024-02-19 12:33:53.078 [info] Validating found git in: "git"
2024-02-19 12:33:53.078 [info] Using git "2.43.2" from "git"
2024-02-19 12:33:53.078 [info] > git rev-parse --show-toplevel [1ms]
2024-02-19 12:33:53.078 [info] fatal: not a git repository (or any parent up to mount point /media)
Stopping at filesystem boundary (GIT_DISCOVERY_ACROSS_FILESYSTEM not set).
2024-02-19 12:33:53.104 [info] > git rev-parse --show-toplevel [1ms]
2024-02-19 12:33:53.104 [info] fatal: not a git repository (or any parent up to mount point /media)
Stopping at filesystem boundary (GIT_DISCOVERY_ACROSS_FILESYSTEM not set).
2024-02-19 12:33:53.255 [info] > git rev-parse --show-toplevel [18ms]
2024-02-19 12:33:53.255 [info] fatal: not a git repository (or any parent up to mount point /media)
Stopping at filesystem boundary (GIT_DISCOVERY_ACROSS_FILESYSTEM not set).
2024-02-19 12:33:53.347 [info] > git rev-parse --show-toplevel [3ms]
2024-02-19 12:33:53.347 [info] fatal: not a git repository (or any parent up to mount point /media)
Stopping at filesystem boundary (GIT_DISCOVERY_ACROSS_FILESYSTEM not set).
2024-02-19 12:34:56.443 [info] > git rev-parse --show-toplevel [2ms]
2024-02-19 12:34:56.443 [info] fatal: not a git repository (or any parent up to mount point /media)
Stopping at filesystem boundary (GIT_DISCOVERY_ACROSS_FILESYSTEM not set).
2024-02-19 12:38:34.223 [info] > git rev-parse --show-toplevel [1ms]
2024-02-19 12:38:34.223 [info] fatal: not a git repository (or any parent up to mount point /media)
Stopping at filesystem boundary (GIT_DISCOVERY_ACROSS_FILESYSTEM not set).
2024-02-19 12:39:56.715 [info] > git rev-parse --show-toplevel [1ms]
2024-02-19 12:39:56.715 [info] fatal: not a git repository (or any parent up to mount point /media)
Stopping at filesystem boundary (GIT_DISCOVERY_ACROSS_FILESYSTEM not set).
2024-02-19 12:43:32.188 [info] > git rev-parse --show-toplevel [2ms]
2024-02-19 12:43:32.188 [info] fatal: not a git repository (or any parent up to mount point /media)
Stopping at filesystem boundary (GIT_DISCOVERY_ACROSS_FILESYSTEM not set).
2024-02-19 12:43:58.808 [info] > git rev-parse --show-toplevel [1ms]
2024-02-19 12:43:58.808 [info] fatal: not a git repository (or any parent up to mount point /media)
Stopping at filesystem boundary (GIT_DISCOVERY_ACROSS_FILESYSTEM not set).
2024-02-19 12:44:55.781 [info] > git rev-parse --show-toplevel [1ms]
2024-02-19 12:44:55.781 [info] fatal: not a git repository (or any parent up to mount point /media)
Stopping at filesystem boundary (GIT_DISCOVERY_ACROSS_FILESYSTEM not set).
2024-02-19 12:47:03.171 [info] > git rev-parse --show-toplevel [1ms]
2024-02-19 12:47:03.171 [info] fatal: not a git repository (or any parent up to mount point /media)
Stopping at filesystem boundary (GIT_DISCOVERY_ACROSS_FILESYSTEM not set).
2024-02-19 12:47:06.303 [info] > git rev-parse --show-toplevel [1ms]
2024-02-19 12:47:06.303 [info] fatal: not a git repository (or any parent up to mount point /media)
Stopping at filesystem boundary (GIT_DISCOVERY_ACROSS_FILESYSTEM not set).
2024-02-19 12:49:19.004 [info] > git rev-parse --show-toplevel [2ms]
2024-02-19 12:49:19.004 [info] fatal: not a git repository (or any parent up to mount point /media)
Stopping at filesystem boundary (GIT_DISCOVERY_ACROSS_FILESYSTEM not set).
2024-02-19 12:50:08.931 [info] > git rev-parse --show-toplevel [3ms]
2024-02-19 12:50:08.931 [info] fatal: not a git repository (or any parent up to mount point /media)
Stopping at filesystem boundary (GIT_DISCOVERY_ACROSS_FILESYSTEM not set).
2024-02-19 13:12:10.410 [info] > git rev-parse --show-toplevel [2ms]
2024-02-19 13:12:10.410 [info] fatal: not a git repository (or any parent up to mount point /media)
Stopping at filesystem boundary (GIT_DISCOVERY_ACROSS_FILESYSTEM not set).
2024-02-19 13:17:14.542 [info] > git rev-parse --show-toplevel [4ms]
2024-02-19 13:17:14.542 [info] fatal: not a git repository (or any parent up to mount point /media)
Stopping at filesystem boundary (GIT_DISCOVERY_ACROSS_FILESYSTEM not set).
2024-02-19 13:19:20.465 [info] > git rev-parse --show-toplevel [2ms]
2024-02-19 13:19:20.465 [info] fatal: not a git repository (or any parent up to mount point /media)
Stopping at filesystem boundary (GIT_DISCOVERY_ACROSS_FILESYSTEM not set).
2024-02-19 13:20:18.024 [info] > git rev-parse --show-toplevel [5ms]
2024-02-19 13:20:18.024 [info] fatal: not a git repository (or any parent up to mount point /media)
Stopping at filesystem boundary (GIT_DISCOVERY_ACROSS_FILESYSTEM not set).
2024-02-19 13:20:41.003 [info] > git rev-parse --show-toplevel [3ms]
2024-02-19 13:20:41.003 [info] fatal: not a git repository (or any parent up to mount point /media)
Stopping at filesystem boundary (GIT_DISCOVERY_ACROSS_FILESYSTEM not set).
2024-02-19 13:20:51.074 [info] > git rev-parse --show-toplevel [4ms]
2024-02-19 13:20:51.074 [info] fatal: not a git repository (or any parent up to mount point /media)
Stopping at filesystem boundary (GIT_DISCOVERY_ACROSS_FILESYSTEM not set).
2024-02-19 13:21:23.720 [info] > git rev-parse --show-toplevel [2ms]
2024-02-19 13:21:23.720 [info] fatal: not a git repository (or any parent up to mount point /media)
Stopping at filesystem boundary (GIT_DISCOVERY_ACROSS_FILESYSTEM not set).
2024-02-19 13:22:18.852 [info] > git rev-parse --show-toplevel [2ms]
2024-02-19 13:22:18.852 [info] fatal: not a git repository (or any parent up to mount point /media)
Stopping at filesystem boundary (GIT_DISCOVERY_ACROSS_FILESYSTEM not set).
2024-02-19 13:22:36.436 [info] > git rev-parse --show-toplevel [1ms]
2024-02-19 13:22:36.436 [info] fatal: not a git repository (or any parent up to mount point /media)
Stopping at filesystem boundary (GIT_DISCOVERY_ACROSS_FILESYSTEM not set).
2024-02-19 13:22:46.344 [info] > git rev-parse --show-toplevel [2ms]
2024-02-19 13:22:46.344 [info] fatal: not a git repository (or any parent up to mount point /media)
Stopping at filesystem boundary (GIT_DISCOVERY_ACROSS_FILESYSTEM not set).
2024-02-19 13:23:18.770 [info] > git rev-parse --show-toplevel [2ms]
2024-02-19 13:23:18.770 [info] fatal: not a git repository (or any parent up to mount point /media)
Stopping at filesystem boundary (GIT_DISCOVERY_ACROSS_FILESYSTEM not set).
2024-02-19 13:24:11.991 [info] > git rev-parse --show-toplevel [2265ms]
2024-02-19 13:24:11.991 [info] fatal: detected dubious ownership in repository at '/media/Projects/Projects/Programming/JS/Book-collection'
To add an exception for this directory, call:

	git config --global --add safe.directory /media/Projects/Projects/Programming/JS/Book-collection
2024-02-19 13:24:34.533 [info] > git rev-parse --show-toplevel [2ms]
2024-02-19 13:24:34.533 [info] fatal: not a git repository (or any parent up to mount point /media)
Stopping at filesystem boundary (GIT_DISCOVERY_ACROSS_FILESYSTEM not set).
2024-02-19 13:24:35.717 [info] > git rev-parse --show-toplevel [1ms]
2024-02-19 13:24:35.717 [info] fatal: not a git repository (or any parent up to mount point /media)
Stopping at filesystem boundary (GIT_DISCOVERY_ACROSS_FILESYSTEM not set).
2024-02-19 13:24:40.619 [info] > git rev-parse --show-toplevel [1ms]
2024-02-19 13:24:40.620 [info] fatal: detected dubious ownership in repository at '/media/Projects/Projects/Programming/JS/Book-collection'
To add an exception for this directory, call:

	git config --global --add safe.directory /media/Projects/Projects/Programming/JS/Book-collection
2024-02-19 13:24:43.257 [info] > git rev-parse --show-toplevel [1ms]
2024-02-19 13:24:43.257 [info] fatal: not a git repository (or any parent up to mount point /media)
Stopping at filesystem boundary (GIT_DISCOVERY_ACROSS_FILESYSTEM not set).
2024-02-19 13:24:52.160 [info] > git rev-parse --show-toplevel [1ms]
2024-02-19 13:24:52.160 [info] fatal: detected dubious ownership in repository at '/media/Projects/Projects/Programming/JS/Book-collection'
To add an exception for this directory, call:

	git config --global --add safe.directory /media/Projects/Projects/Programming/JS/Book-collection
2024-02-19 13:24:53.935 [info] > git rev-parse --show-toplevel [1ms]
2024-02-19 13:24:53.935 [info] fatal: not a git repository (or any parent up to mount point /media)
Stopping at filesystem boundary (GIT_DISCOVERY_ACROSS_FILESYSTEM not set).
2024-02-19 13:25:38.589 [info] > git rev-parse --show-toplevel [53ms]
2024-02-19 13:25:38.589 [info] fatal: not a git repository (or any parent up to mount point /media)
Stopping at filesystem boundary (GIT_DISCOVERY_ACROSS_FILESYSTEM not set).
2024-02-19 13:25:39.347 [info] > git rev-parse --show-toplevel [1ms]
2024-02-19 13:25:39.347 [info] fatal: not a git repository (or any parent up to mount point /media)
Stopping at filesystem boundary (GIT_DISCOVERY_ACROSS_FILESYSTEM not set).
2024-02-19 13:25:40.271 [info] > git rev-parse --show-toplevel [1ms]
2024-02-19 13:25:40.271 [info] fatal: detected dubious ownership in repository at '/media/Projects/Projects/Programming/JS/Book-collection'
To add an exception for this directory, call:

	git config --global --add safe.directory /media/Projects/Projects/Programming/JS/Book-collection
2024-02-19 13:25:43.706 [info] > git rev-parse --show-toplevel [1ms]
2024-02-19 13:25:43.706 [info] fatal: not a git repository (or any parent up to mount point /media)
Stopping at filesystem boundary (GIT_DISCOVERY_ACROSS_FILESYSTEM not set).
2024-02-19 13:25:48.025 [info] > git rev-parse --show-toplevel [2ms]
2024-02-19 13:25:48.025 [info] fatal: not a git repository (or any parent up to mount point /media)
Stopping at filesystem boundary (GIT_DISCOVERY_ACROSS_FILESYSTEM not set).
2024-02-19 13:26:16.386 [info] > git rev-parse --show-toplevel [1ms]
2024-02-19 13:26:16.386 [info] fatal: not a git repository (or any parent up to mount point /media)
Stopping at filesystem boundary (GIT_DISCOVERY_ACROSS_FILESYSTEM not set).
2024-02-19 13:26:19.686 [info] > git rev-parse --show-toplevel [2ms]
2024-02-19 13:26:19.686 [info] fatal: not a git repository (or any parent up to mount point /media)
Stopping at filesystem boundary (GIT_DISCOVERY_ACROSS_FILESYSTEM not set).
2024-02-19 13:26:22.188 [info] > git rev-parse --show-toplevel [2ms]
2024-02-19 13:26:22.188 [info] fatal: not a git repository (or any parent up to mount point /media)
Stopping at filesystem boundary (GIT_DISCOVERY_ACROSS_FILESYSTEM not set).
2024-02-19 13:26:24.593 [info] > git rev-parse --show-toplevel [2ms]
2024-02-19 13:26:24.593 [info] fatal: not a git repository (or any parent up to mount point /media)
Stopping at filesystem boundary (GIT_DISCOVERY_ACROSS_FILESYSTEM not set).
2024-02-19 13:26:43.355 [info] > git rev-parse --show-toplevel [26ms]
2024-02-19 13:26:43.355 [info] fatal: not a git repository (or any parent up to mount point /media)
Stopping at filesystem boundary (GIT_DISCOVERY_ACROSS_FILESYSTEM not set).
2024-02-19 13:26:48.742 [info] > git rev-parse --show-toplevel [2ms]
2024-02-19 13:26:48.742 [info] fatal: not a git repository (or any parent up to mount point /media)
Stopping at filesystem boundary (GIT_DISCOVERY_ACROSS_FILESYSTEM not set).
2024-02-19 13:26:52.251 [info] > git rev-parse --show-toplevel [1ms]
2024-02-19 13:26:52.252 [info] fatal: not a git repository (or any parent up to mount point /media)
Stopping at filesystem boundary (GIT_DISCOVERY_ACROSS_FILESYSTEM not set).
2024-02-19 13:27:01.645 [info] > git rev-parse --show-toplevel [1ms]
2024-02-19 13:27:01.646 [info] fatal: not a git repository (or any parent up to mount point /media)
Stopping at filesystem boundary (GIT_DISCOVERY_ACROSS_FILESYSTEM not set).
2024-02-19 13:28:31.556 [info] > git rev-parse --show-toplevel [2ms]
2024-02-19 13:28:31.556 [info] fatal: not a git repository (or any parent up to mount point /media)
Stopping at filesystem boundary (GIT_DISCOVERY_ACROSS_FILESYSTEM not set).
2024-02-19 13:29:02.367 [info] > git rev-parse --show-toplevel [4ms]
2024-02-19 13:29:02.367 [info] fatal: not a git repository (or any parent up to mount point /media)
Stopping at filesystem boundary (GIT_DISCOVERY_ACROSS_FILESYSTEM not set).
2024-02-19 13:29:07.198 [info] > git rev-parse --show-toplevel [2ms]
2024-02-19 13:29:07.198 [info] fatal: not a git repository (or any parent up to mount point /media)
Stopping at filesystem boundary (GIT_DISCOVERY_ACROSS_FILESYSTEM not set).
2024-02-19 13:29:10.621 [info] > git rev-parse --show-toplevel [2ms]
2024-02-19 13:29:10.621 [info] fatal: not a git repository (or any parent up to mount point /media)
Stopping at filesystem boundary (GIT_DISCOVERY_ACROSS_FILESYSTEM not set).
2024-02-19 13:31:11.982 [info] > git rev-parse --show-toplevel [1ms]
2024-02-19 13:31:11.982 [info] fatal: not a git repository (or any parent up to mount point /media)
Stopping at filesystem boundary (GIT_DISCOVERY_ACROSS_FILESYSTEM not set).
2024-02-19 13:31:21.460 [info] > git rev-parse --show-toplevel [2ms]
2024-02-19 13:31:21.460 [info] fatal: not a git repository (or any parent up to mount point /media)
Stopping at filesystem boundary (GIT_DISCOVERY_ACROSS_FILESYSTEM not set).
2024-02-19 13:31:31.931 [info] > git rev-parse --show-toplevel [1ms]
2024-02-19 13:31:31.931 [info] fatal: not a git repository (or any parent up to mount point /media)
Stopping at filesystem boundary (GIT_DISCOVERY_ACROSS_FILESYSTEM not set).
2024-02-19 13:33:03.800 [info] > git rev-parse --show-toplevel [2ms]
2024-02-19 13:33:03.800 [info] fatal: not a git repository (or any parent up to mount point /media)
Stopping at filesystem boundary (GIT_DISCOVERY_ACROSS_FILESYSTEM not set).
2024-02-19 13:33:32.196 [info] > git rev-parse --show-toplevel [1ms]
2024-02-19 13:33:32.196 [info] fatal: not a git repository (or any parent up to mount point /media)
Stopping at filesystem boundary (GIT_DISCOVERY_ACROSS_FILESYSTEM not set).
2024-02-19 13:33:58.431 [info] > git rev-parse --show-toplevel [3ms]
2024-02-19 13:33:58.431 [info] fatal: not a git repository (or any parent up to mount point /media)
Stopping at filesystem boundary (GIT_DISCOVERY_ACROSS_FILESYSTEM not set).
2024-02-19 13:54:22.679 [info] > git rev-parse --show-toplevel [1ms]
2024-02-19 13:54:22.679 [info] fatal: not a git repository (or any parent up to mount point /media)
Stopping at filesystem boundary (GIT_DISCOVERY_ACROSS_FILESYSTEM not set).
2024-02-19 13:54:43.067 [info] > git rev-parse --show-toplevel [3ms]
2024-02-19 13:54:43.067 [info] fatal: not a git repository (or any parent up to mount point /media)
Stopping at filesystem boundary (GIT_DISCOVERY_ACROSS_FILESYSTEM not set).
2024-02-19 13:54:49.571 [info] > git rev-parse --show-toplevel [1ms]
2024-02-19 13:54:49.571 [info] fatal: not a git repository (or any parent up to mount point /media)
Stopping at filesystem boundary (GIT_DISCOVERY_ACROSS_FILESYSTEM not set).
2024-02-19 13:54:58.586 [info] > git rev-parse --show-toplevel [1ms]
2024-02-19 13:54:58.586 [info] fatal: not a git repository (or any parent up to mount point /media)
Stopping at filesystem boundary (GIT_DISCOVERY_ACROSS_FILESYSTEM not set).
