2024-02-21 13:52:24.010 [info] Added views:workbench.panel.markers.view in workbench.panel.markers
2024-02-21 13:52:24.010 [info] Added views:workbench.panel.output in workbench.panel.output
2024-02-21 13:52:24.010 [info] Added views:terminal in terminal
2024-02-21 13:52:24.010 [info] Added views:outline in workbench.view.explorer
2024-02-21 13:52:24.010 [info] Added views:workbench.scm in workbench.view.scm
2024-02-21 13:52:24.010 [info] Added views:workbench.view.search in workbench.view.search
2024-02-21 13:52:24.010 [info] Added views:timeline in workbench.view.explorer
2024-02-21 13:52:24.010 [info] Added views:workbench.explorer.fileView in workbench.view.explorer
2024-02-21 13:52:24.177 [info] Added views:workbench.debug.welcome in workbench.view.debug
2024-02-21 13:52:24.459 [info] Added views:workspaceEnvironments,pythonEnvironments in workbench.view.extension.package-explorer
2024-02-21 13:52:24.459 [info] Added views:mongoDBConnectionExplorer,mongoDBPlaygroundsExplorer,mongoDBHelpExplorer in workbench.view.extension.mongoDB
2024-02-21 13:52:24.459 [info] Added views:targetsContainers,devVolumes in workbench.view.remote
2024-02-21 13:52:24.460 [info] Added views:PowerShellCommands in workbench.view.extension.PowerShell
2024-02-21 13:52:24.460 [info] Added views:remoteTargets in workbench.view.remote
2024-02-21 13:52:24.460 [info] Added views:vscode-serial-monitor.monitor0 in workbench.view.extension.vscode-serial-monitor-tools
2024-02-21 13:52:24.460 [info] Added views:liveshare.session in workbench.view.extension.liveshare
2024-02-21 13:52:24.460 [info] Added views:platformio-ide.quickAccess in workbench.view.extension.platformio
2024-02-21 13:52:24.460 [info] Added views:platformio-debug.peripherals,platformio-debug.registers,platformio-debug.memory,platformio-debug.disassembly in workbench.view.debug
2024-02-21 13:52:24.461 [info] Added views:workspaceViewer in workbench.view.extension.workspaceViewer
2024-02-21 13:52:24.461 [info] Added views:jsonOutline in workbench.view.extension.json-views
2024-02-21 13:52:24.595 [info] Added views:workbench.panel.repl.view in workbench.panel.repl
2024-02-21 13:52:25.025 [info] Added views:~remote.forwardedPorts in ~remote.forwardedPortsContainer
