2024-02-19 12:32:43.541 [info] Reading sessions from keychain...
2024-02-19 12:32:43.542 [info] Getting sessions for all scopes...
2024-02-19 12:32:43.545 [info] Getting sessions for user:email...
2024-02-19 12:32:43.568 [info] Got stored sessions!
2024-02-19 12:32:43.568 [info] Got 1 verified sessions.
2024-02-19 12:32:43.568 [info] Got 1 sessions for ...
2024-02-19 12:32:43.568 [info] Got 1 sessions for user:email...
2024-02-19 12:32:43.635 [info] Getting sessions for all scopes...
2024-02-19 12:32:43.635 [info] Got 1 sessions for ...
2024-02-19 12:32:44.878 [info] Getting sessions for read:user,repo,user:email,workflow...
2024-02-19 12:32:44.878 [info] Got 0 sessions for read:user,repo,user:email,workflow...
2024-02-19 12:33:53.368 [info] Reading sessions from keychain...
2024-02-19 12:33:53.368 [info] Getting sessions for all scopes...
2024-02-19 12:33:53.368 [info] Getting sessions for user:email...
2024-02-19 12:33:53.368 [info] Got stored sessions!
2024-02-19 12:33:53.368 [info] Got 1 verified sessions.
2024-02-19 12:33:53.368 [info] Got 1 sessions for ...
2024-02-19 12:33:53.368 [info] Got 1 sessions for user:email...
2024-02-19 12:33:53.368 [info] Getting sessions for all scopes...
2024-02-19 12:33:53.368 [info] Got 1 sessions for ...
2024-02-19 12:33:53.541 [info] Getting sessions for read:user,repo,user:email,workflow...
2024-02-19 12:33:53.541 [info] Got 0 sessions for read:user,repo,user:email,workflow...
