2024-02-21 11:53:17.367 [info] Started local extension host with pid 17150.
2024-02-21 11:53:17.569 [warning] [twxs.cmake]: Cannot register 'cmake.cmakePath'. This property is already registered.
2024-02-21 11:53:18.665 [error] [Extension Host] (node:17150) [DEP0005] DeprecationWarning: Buffer() is deprecated due to security and usability issues. Please use the Buffer.alloc(), Buffer.allocUnsafe(), or Buffer.from() methods instead.
(Use `exe --trace-deprecation ...` to show where the warning was created)
2024-02-21 11:53:20.138 [info] [perf] Render performance baseline is 20ms
2024-02-21 11:53:20.651 [warning] [csharp]: Couldn't find message for key configuration.razor.server.trace.
2024-02-21 11:53:20.653 [warning] [cmake-tools]: Couldn't find message for key cmake-tools.configuration.cmake.options.advanced.statusBarLength.description.
2024-02-21 11:53:20.653 [warning] [cmake-tools]: Couldn't find message for key cmake-tools.configuration.cmake.options.advanced.statusBarLength.description.
2024-02-21 11:53:20.653 [warning] [cmake-tools]: Couldn't find message for key cmake-tools.configuration.cmake.options.advanced.statusBarLength.description.
2024-02-21 11:53:20.653 [warning] [cmake-tools]: Couldn't find message for key cmake-tools.configuration.cmake.options.advanced.statusBarLength.description.
2024-02-21 11:53:20.653 [warning] [cmake-tools]: Couldn't find message for key cmake-tools.configuration.cmake.options.advanced.statusBarLength.description.
2024-02-21 11:53:20.653 [warning] [cmake-tools]: Couldn't find message for key cmake-tools.configuration.cmake.options.advanced.statusBarLength.description.
2024-02-21 11:53:20.653 [warning] [cmake-tools]: Couldn't find message for key cmake-tools.configuration.cmake.options.advanced.statusBarLength.description.
2024-02-21 11:53:20.653 [warning] [cmake-tools]: Couldn't find message for key cmake-tools.configuration.cmake.options.advanced.statusBarLength.description.
2024-02-21 11:53:20.654 [warning] [cmake-tools]: Couldn't find message for key cmake-tools.configuration.cmake.options.advanced.statusBarLength.description.
2024-02-21 11:53:20.654 [warning] [cmake-tools]: Couldn't find message for key cmake-tools.configuration.cmake.options.advanced.statusBarLength.description.
2024-02-21 11:53:20.654 [warning] [cmake-tools]: Couldn't find message for key cmake-tools.configuration.cmake.options.advanced.statusBarLength.description.
2024-02-21 11:53:20.654 [warning] [cmake-tools]: Couldn't find message for key cmake-tools.configuration.cmake.options.advanced.statusBarLength.description.
2024-02-21 11:53:23.387 [warning] [cmake-tools]: Couldn't find message for key cmake-tools.configuration.cmake.options.advanced.statusBarLength.description.
2024-02-21 11:53:23.387 [warning] [cmake-tools]: Couldn't find message for key cmake-tools.configuration.cmake.options.advanced.statusBarLength.description.
2024-02-21 11:53:23.387 [warning] [cmake-tools]: Couldn't find message for key cmake-tools.configuration.cmake.options.advanced.statusBarLength.description.
2024-02-21 11:53:23.387 [warning] [cmake-tools]: Couldn't find message for key cmake-tools.configuration.cmake.options.advanced.statusBarLength.description.
2024-02-21 11:53:23.387 [warning] [cmake-tools]: Couldn't find message for key cmake-tools.configuration.cmake.options.advanced.statusBarLength.description.
2024-02-21 11:53:23.387 [warning] [cmake-tools]: Couldn't find message for key cmake-tools.configuration.cmake.options.advanced.statusBarLength.description.
2024-02-21 11:53:23.387 [warning] [cmake-tools]: Couldn't find message for key cmake-tools.configuration.cmake.options.advanced.statusBarLength.description.
2024-02-21 11:53:23.387 [warning] [cmake-tools]: Couldn't find message for key cmake-tools.configuration.cmake.options.advanced.statusBarLength.description.
2024-02-21 11:53:23.388 [warning] [cmake-tools]: Couldn't find message for key cmake-tools.configuration.cmake.options.advanced.statusBarLength.description.
2024-02-21 11:53:23.388 [warning] [cmake-tools]: Couldn't find message for key cmake-tools.configuration.cmake.options.advanced.statusBarLength.description.
2024-02-21 11:53:23.388 [warning] [cmake-tools]: Couldn't find message for key cmake-tools.configuration.cmake.options.advanced.statusBarLength.description.
2024-02-21 11:53:23.388 [warning] [cmake-tools]: Couldn't find message for key cmake-tools.configuration.cmake.options.advanced.statusBarLength.description.
2024-02-21 12:34:27.123 [error] Unknown (FileSystemError): Failed to move 'user' to the trash
    at c.create (/opt/visual-studio-code/resources/app/out/vs/code/electron-main/main.js:54:3490)
    at b (/opt/visual-studio-code/resources/app/out/vs/code/electron-main/main.js:54:3608)
    at p.y (/opt/visual-studio-code/resources/app/out/vs/code/electron-main/main.js:59:39591)
2024-02-21 12:34:27.126 [error] Failed to move 'user' to the trash: Unknown (FileSystemError): Failed to move 'user' to the trash
    at c.create (/opt/visual-studio-code/resources/app/out/vs/code/electron-main/main.js:54:3490)
    at b (/opt/visual-studio-code/resources/app/out/vs/code/electron-main/main.js:54:3608)
    at p.y (/opt/visual-studio-code/resources/app/out/vs/code/electron-main/main.js:59:39591)
