2024-02-21 11:53:17.303 [info] Added views:workbench.panel.markers.view in workbench.panel.markers
2024-02-21 11:53:17.303 [info] Added views:workbench.panel.output in workbench.panel.output
2024-02-21 11:53:17.303 [info] Added views:terminal in terminal
2024-02-21 11:53:17.303 [info] Added views:outline in workbench.view.explorer
2024-02-21 11:53:17.303 [info] Added views:workbench.scm in workbench.view.scm
2024-02-21 11:53:17.303 [info] Added views:workbench.view.search in workbench.view.search
2024-02-21 11:53:17.303 [info] Added views:timeline in workbench.view.explorer
2024-02-21 11:53:17.303 [info] Added views:workbench.explorer.fileView in workbench.view.explorer
2024-02-21 11:53:17.473 [info] Added views:workbench.debug.welcome in workbench.view.debug
2024-02-21 11:53:17.655 [info] Added views:workspaceEnvironments,pythonEnvironments in workbench.view.extension.package-explorer
2024-02-21 11:53:17.655 [info] Added views:targetsContainers,devVolumes in workbench.view.remote
2024-02-21 11:53:17.655 [info] Added views:PowerShellCommands in workbench.view.extension.PowerShell
2024-02-21 11:53:17.655 [info] Added views:remoteTargets in workbench.view.remote
2024-02-21 11:53:17.656 [info] Added views:vscode-serial-monitor.monitor0 in workbench.view.extension.vscode-serial-monitor-tools
2024-02-21 11:53:17.656 [info] Added views:liveshare.session in workbench.view.extension.liveshare
2024-02-21 11:53:17.656 [info] Added views:platformio-ide.quickAccess in workbench.view.extension.platformio
2024-02-21 11:53:17.657 [info] Added views:platformio-debug.peripherals,platformio-debug.registers,platformio-debug.memory,platformio-debug.disassembly in workbench.view.debug
2024-02-21 11:53:17.657 [info] Added views:workspaceViewer in workbench.view.extension.workspaceViewer
2024-02-21 11:53:17.657 [info] Added views:jsonOutline in workbench.view.extension.json-views
2024-02-21 11:53:17.883 [info] Added views:workbench.panel.repl.view in workbench.panel.repl
2024-02-21 11:53:18.581 [info] Added views:~remote.forwardedPorts in ~remote.forwardedPortsContainer
2024-02-21 12:30:48.841 [info] Added views:workbench.views.extensions.installed,workbench.views.extensions.popular in workbench.view.extensions
2024-02-21 12:30:48.843 [info] Removed views:workbench.views.extensions.popular from workbench.view.extensions
2024-02-21 12:30:52.283 [info] Removed views:workbench.views.extensions.installed from workbench.view.extensions
2024-02-21 12:30:52.288 [info] Added views:workbench.views.extensions.marketplace in workbench.view.extensions
2024-02-21 12:30:57.922 [info] Added views:mongoDBConnectionExplorer,mongoDBPlaygroundsExplorer,mongoDBHelpExplorer in workbench.view.extension.mongoDB
