2024-02-21 13:52:25.806 [info] Log level: Info
2024-02-21 13:52:25.806 [info] Validating found git in: "git"
2024-02-21 13:52:25.806 [info] Using git "2.43.2" from "git"
2024-02-21 13:52:25.806 [info] > git rev-parse --show-toplevel [9ms]
2024-02-21 13:52:25.806 [info] fatal: not a git repository (or any parent up to mount point /media)
Stopping at filesystem boundary (GIT_DISCOVERY_ACROSS_FILESYSTEM not set).
2024-02-21 13:52:25.806 [info] > git rev-parse --show-toplevel [33ms]
2024-02-21 13:52:25.806 [info] fatal: not a git repository (or any parent up to mount point /media)
Stopping at filesystem boundary (GIT_DISCOVERY_ACROSS_FILESYSTEM not set).
2024-02-21 13:52:25.806 [info] > git rev-parse --show-toplevel [2ms]
2024-02-21 13:52:25.806 [info] fatal: not a git repository (or any parent up to mount point /media)
Stopping at filesystem boundary (GIT_DISCOVERY_ACROSS_FILESYSTEM not set).
2024-02-21 13:52:25.818 [info] > git rev-parse --show-toplevel [6ms]
2024-02-21 13:52:25.818 [info] fatal: not a git repository (or any parent up to mount point /media)
Stopping at filesystem boundary (GIT_DISCOVERY_ACROSS_FILESYSTEM not set).
2024-02-21 13:52:25.848 [info] > git rev-parse --show-toplevel [20ms]
2024-02-21 13:52:25.848 [info] fatal: not a git repository (or any parent up to mount point /media)
Stopping at filesystem boundary (GIT_DISCOVERY_ACROSS_FILESYSTEM not set).
2024-02-21 13:52:25.862 [info] > git rev-parse --show-toplevel [4ms]
2024-02-21 13:52:25.862 [info] fatal: not a git repository (or any parent up to mount point /media)
Stopping at filesystem boundary (GIT_DISCOVERY_ACROSS_FILESYSTEM not set).
2024-02-21 13:52:25.923 [info] > git rev-parse --show-toplevel [53ms]
2024-02-21 13:52:25.923 [info] fatal: not a git repository (or any parent up to mount point /media)
Stopping at filesystem boundary (GIT_DISCOVERY_ACROSS_FILESYSTEM not set).
2024-02-21 13:52:25.962 [info] > git rev-parse --show-toplevel [5ms]
2024-02-21 13:52:25.962 [info] fatal: not a git repository (or any parent up to mount point /media)
Stopping at filesystem boundary (GIT_DISCOVERY_ACROSS_FILESYSTEM not set).
2024-02-21 13:52:26.006 [info] > git rev-parse --show-toplevel [11ms]
2024-02-21 13:52:26.006 [info] fatal: not a git repository (or any parent up to mount point /media)
Stopping at filesystem boundary (GIT_DISCOVERY_ACROSS_FILESYSTEM not set).
2024-02-21 13:52:31.259 [info] > git rev-parse --show-toplevel [3ms]
2024-02-21 13:52:31.259 [info] fatal: not a git repository (or any parent up to mount point /media)
Stopping at filesystem boundary (GIT_DISCOVERY_ACROSS_FILESYSTEM not set).
2024-02-21 13:52:32.267 [info] > git rev-parse --show-toplevel [2ms]
2024-02-21 13:52:32.267 [info] fatal: not a git repository (or any parent up to mount point /media)
Stopping at filesystem boundary (GIT_DISCOVERY_ACROSS_FILESYSTEM not set).
2024-02-21 13:53:42.235 [info] > git rev-parse --show-toplevel [2ms]
2024-02-21 13:53:42.235 [info] fatal: not a git repository (or any parent up to mount point /media)
Stopping at filesystem boundary (GIT_DISCOVERY_ACROSS_FILESYSTEM not set).
2024-02-21 13:56:12.318 [info] > git rev-parse --show-toplevel [6ms]
2024-02-21 13:56:12.318 [info] fatal: not a git repository (or any parent up to mount point /media)
Stopping at filesystem boundary (GIT_DISCOVERY_ACROSS_FILESYSTEM not set).
2024-02-21 13:56:12.950 [info] > git rev-parse --show-toplevel [2ms]
2024-02-21 13:56:12.950 [info] fatal: not a git repository (or any parent up to mount point /media)
Stopping at filesystem boundary (GIT_DISCOVERY_ACROSS_FILESYSTEM not set).
2024-02-21 13:58:21.449 [info] > git rev-parse --show-toplevel [2ms]
2024-02-21 13:58:21.449 [info] fatal: not a git repository (or any parent up to mount point /media)
Stopping at filesystem boundary (GIT_DISCOVERY_ACROSS_FILESYSTEM not set).
2024-02-21 13:58:23.236 [info] > git rev-parse --show-toplevel [2ms]
2024-02-21 13:58:23.236 [info] fatal: not a git repository (or any parent up to mount point /media)
Stopping at filesystem boundary (GIT_DISCOVERY_ACROSS_FILESYSTEM not set).
2024-02-21 13:58:25.663 [info] > git rev-parse --show-toplevel [2ms]
2024-02-21 13:58:25.663 [info] fatal: not a git repository (or any parent up to mount point /media)
Stopping at filesystem boundary (GIT_DISCOVERY_ACROSS_FILESYSTEM not set).
2024-02-21 13:58:39.029 [info] > git rev-parse --show-toplevel [2ms]
2024-02-21 13:58:39.029 [info] fatal: not a git repository (or any parent up to mount point /media)
Stopping at filesystem boundary (GIT_DISCOVERY_ACROSS_FILESYSTEM not set).
2024-02-21 13:58:41.567 [info] > git rev-parse --show-toplevel [2ms]
2024-02-21 13:58:41.567 [info] fatal: not a git repository (or any parent up to mount point /media)
Stopping at filesystem boundary (GIT_DISCOVERY_ACROSS_FILESYSTEM not set).
2024-02-21 13:58:56.359 [info] > git rev-parse --show-toplevel [2ms]
2024-02-21 13:58:56.359 [info] fatal: not a git repository (or any parent up to mount point /media)
Stopping at filesystem boundary (GIT_DISCOVERY_ACROSS_FILESYSTEM not set).
2024-02-21 13:58:57.973 [info] > git rev-parse --show-toplevel [3ms]
2024-02-21 13:58:57.973 [info] fatal: not a git repository (or any parent up to mount point /media)
Stopping at filesystem boundary (GIT_DISCOVERY_ACROSS_FILESYSTEM not set).
2024-02-21 13:59:33.119 [info] > git rev-parse --show-toplevel [1ms]
2024-02-21 13:59:33.119 [info] fatal: not a git repository (or any parent up to mount point /media)
Stopping at filesystem boundary (GIT_DISCOVERY_ACROSS_FILESYSTEM not set).
2024-02-21 13:59:37.933 [info] > git rev-parse --show-toplevel [3ms]
2024-02-21 13:59:37.933 [info] fatal: not a git repository (or any parent up to mount point /media)
Stopping at filesystem boundary (GIT_DISCOVERY_ACROSS_FILESYSTEM not set).
2024-02-21 13:59:54.223 [info] > git rev-parse --show-toplevel [3ms]
2024-02-21 13:59:54.223 [info] fatal: not a git repository (or any parent up to mount point /media)
Stopping at filesystem boundary (GIT_DISCOVERY_ACROSS_FILESYSTEM not set).
2024-02-21 14:00:04.959 [info] > git rev-parse --show-toplevel [3ms]
2024-02-21 14:00:04.959 [info] fatal: not a git repository (or any parent up to mount point /media)
Stopping at filesystem boundary (GIT_DISCOVERY_ACROSS_FILESYSTEM not set).
2024-02-21 14:00:12.615 [info] > git rev-parse --show-toplevel [2ms]
2024-02-21 14:00:12.615 [info] fatal: not a git repository (or any parent up to mount point /media)
Stopping at filesystem boundary (GIT_DISCOVERY_ACROSS_FILESYSTEM not set).
2024-02-21 14:00:19.729 [info] > git rev-parse --show-toplevel [2ms]
2024-02-21 14:00:19.729 [info] fatal: not a git repository (or any parent up to mount point /media)
Stopping at filesystem boundary (GIT_DISCOVERY_ACROSS_FILESYSTEM not set).
2024-02-21 14:00:56.147 [info] > git rev-parse --show-toplevel [2ms]
2024-02-21 14:00:56.147 [info] fatal: not a git repository (or any parent up to mount point /media)
Stopping at filesystem boundary (GIT_DISCOVERY_ACROSS_FILESYSTEM not set).
2024-02-21 14:01:00.077 [info] > git rev-parse --show-toplevel [2ms]
2024-02-21 14:01:00.078 [info] fatal: not a git repository (or any parent up to mount point /media)
Stopping at filesystem boundary (GIT_DISCOVERY_ACROSS_FILESYSTEM not set).
2024-02-21 14:01:32.716 [info] > git rev-parse --show-toplevel [3ms]
2024-02-21 14:01:32.716 [info] fatal: not a git repository (or any parent up to mount point /media)
Stopping at filesystem boundary (GIT_DISCOVERY_ACROSS_FILESYSTEM not set).
2024-02-21 14:01:36.397 [info] > git rev-parse --show-toplevel [2ms]
2024-02-21 14:01:36.397 [info] fatal: not a git repository (or any parent up to mount point /media)
Stopping at filesystem boundary (GIT_DISCOVERY_ACROSS_FILESYSTEM not set).
2024-02-21 14:01:40.567 [info] > git rev-parse --show-toplevel [3ms]
2024-02-21 14:01:40.567 [info] fatal: not a git repository (or any parent up to mount point /media)
Stopping at filesystem boundary (GIT_DISCOVERY_ACROSS_FILESYSTEM not set).
2024-02-21 14:03:05.431 [info] > git rev-parse --show-toplevel [2ms]
2024-02-21 14:03:05.431 [info] fatal: not a git repository (or any parent up to mount point /media)
Stopping at filesystem boundary (GIT_DISCOVERY_ACROSS_FILESYSTEM not set).
2024-02-21 14:03:12.326 [info] > git rev-parse --show-toplevel [3ms]
2024-02-21 14:03:12.326 [info] fatal: not a git repository (or any parent up to mount point /media)
Stopping at filesystem boundary (GIT_DISCOVERY_ACROSS_FILESYSTEM not set).
2024-02-21 14:04:44.660 [info] > git rev-parse --show-toplevel [2ms]
2024-02-21 14:04:44.660 [info] fatal: not a git repository (or any parent up to mount point /media)
Stopping at filesystem boundary (GIT_DISCOVERY_ACROSS_FILESYSTEM not set).
2024-02-21 15:05:51.968 [info] > git rev-parse --show-toplevel [2ms]
2024-02-21 15:05:51.968 [info] fatal: not a git repository (or any parent up to mount point /media)
Stopping at filesystem boundary (GIT_DISCOVERY_ACROSS_FILESYSTEM not set).
2024-02-21 15:05:52.769 [info] > git rev-parse --show-toplevel [2ms]
2024-02-21 15:05:52.769 [info] fatal: not a git repository (or any parent up to mount point /media)
Stopping at filesystem boundary (GIT_DISCOVERY_ACROSS_FILESYSTEM not set).
2024-02-21 15:06:39.302 [info] > git rev-parse --show-toplevel [1ms]
2024-02-21 15:06:39.302 [info] fatal: not a git repository (or any parent up to mount point /media)
Stopping at filesystem boundary (GIT_DISCOVERY_ACROSS_FILESYSTEM not set).
2024-02-21 15:07:15.712 [info] > git rev-parse --show-toplevel [2ms]
2024-02-21 15:07:15.712 [info] fatal: not a git repository (or any parent up to mount point /media)
Stopping at filesystem boundary (GIT_DISCOVERY_ACROSS_FILESYSTEM not set).
2024-02-21 15:07:27.191 [info] > git rev-parse --show-toplevel [2ms]
2024-02-21 15:07:27.191 [info] fatal: not a git repository (or any parent up to mount point /media)
Stopping at filesystem boundary (GIT_DISCOVERY_ACROSS_FILESYSTEM not set).
2024-02-21 15:09:22.726 [info] > git rev-parse --show-toplevel [4ms]
2024-02-21 15:09:22.726 [info] fatal: not a git repository (or any parent up to mount point /media)
Stopping at filesystem boundary (GIT_DISCOVERY_ACROSS_FILESYSTEM not set).
2024-02-21 15:13:15.156 [info] > git rev-parse --show-toplevel [3ms]
2024-02-21 15:13:15.156 [info] fatal: not a git repository (or any parent up to mount point /media)
Stopping at filesystem boundary (GIT_DISCOVERY_ACROSS_FILESYSTEM not set).
2024-02-21 15:13:32.578 [info] > git rev-parse --show-toplevel [2ms]
2024-02-21 15:13:32.578 [info] fatal: not a git repository (or any parent up to mount point /media)
Stopping at filesystem boundary (GIT_DISCOVERY_ACROSS_FILESYSTEM not set).
2024-02-21 15:13:34.839 [info] > git rev-parse --show-toplevel [2ms]
2024-02-21 15:13:34.841 [info] fatal: not a git repository (or any parent up to mount point /media)
Stopping at filesystem boundary (GIT_DISCOVERY_ACROSS_FILESYSTEM not set).
2024-02-21 15:28:48.211 [info] > git rev-parse --show-toplevel [2ms]
2024-02-21 15:28:48.211 [info] fatal: not a git repository (or any parent up to mount point /media)
Stopping at filesystem boundary (GIT_DISCOVERY_ACROSS_FILESYSTEM not set).
2024-02-21 15:29:02.479 [info] > git rev-parse --show-toplevel [1ms]
2024-02-21 15:29:02.479 [info] fatal: not a git repository (or any parent up to mount point /media)
Stopping at filesystem boundary (GIT_DISCOVERY_ACROSS_FILESYSTEM not set).
2024-02-21 15:29:03.726 [info] > git rev-parse --show-toplevel [2ms]
2024-02-21 15:29:03.726 [info] fatal: not a git repository (or any parent up to mount point /media)
Stopping at filesystem boundary (GIT_DISCOVERY_ACROSS_FILESYSTEM not set).
2024-02-21 15:29:07.141 [info] > git rev-parse --show-toplevel [1ms]
2024-02-21 15:29:07.141 [info] fatal: not a git repository (or any parent up to mount point /media)
Stopping at filesystem boundary (GIT_DISCOVERY_ACROSS_FILESYSTEM not set).
2024-02-21 15:29:20.268 [info] > git rev-parse --show-toplevel [2ms]
2024-02-21 15:29:20.268 [info] fatal: not a git repository (or any parent up to mount point /media)
Stopping at filesystem boundary (GIT_DISCOVERY_ACROSS_FILESYSTEM not set).
2024-02-21 15:29:27.886 [info] > git rev-parse --show-toplevel [2ms]
2024-02-21 15:29:27.886 [info] fatal: not a git repository (or any parent up to mount point /media)
Stopping at filesystem boundary (GIT_DISCOVERY_ACROSS_FILESYSTEM not set).
2024-02-21 15:30:25.692 [info] > git rev-parse --show-toplevel [4ms]
2024-02-21 15:30:25.692 [info] fatal: not a git repository (or any parent up to mount point /media)
Stopping at filesystem boundary (GIT_DISCOVERY_ACROSS_FILESYSTEM not set).
2024-02-21 15:31:09.706 [info] > git rev-parse --show-toplevel [3ms]
2024-02-21 15:31:09.706 [info] fatal: not a git repository (or any parent up to mount point /media)
Stopping at filesystem boundary (GIT_DISCOVERY_ACROSS_FILESYSTEM not set).
2024-02-21 15:31:14.536 [info] > git rev-parse --show-toplevel [2ms]
2024-02-21 15:31:14.536 [info] fatal: not a git repository (or any parent up to mount point /media)
Stopping at filesystem boundary (GIT_DISCOVERY_ACROSS_FILESYSTEM not set).
2024-02-21 15:31:43.738 [info] > git rev-parse --show-toplevel [2ms]
2024-02-21 15:31:43.738 [info] fatal: not a git repository (or any parent up to mount point /media)
Stopping at filesystem boundary (GIT_DISCOVERY_ACROSS_FILESYSTEM not set).
2024-02-21 15:32:10.209 [info] > git rev-parse --show-toplevel [2ms]
2024-02-21 15:32:10.209 [info] fatal: not a git repository (or any parent up to mount point /media)
Stopping at filesystem boundary (GIT_DISCOVERY_ACROSS_FILESYSTEM not set).
2024-02-21 15:32:13.361 [info] > git rev-parse --show-toplevel [2ms]
2024-02-21 15:32:13.361 [info] fatal: not a git repository (or any parent up to mount point /media)
Stopping at filesystem boundary (GIT_DISCOVERY_ACROSS_FILESYSTEM not set).
2024-02-21 15:32:20.854 [info] > git rev-parse --show-toplevel [5ms]
2024-02-21 15:32:20.854 [info] fatal: not a git repository (or any parent up to mount point /media)
Stopping at filesystem boundary (GIT_DISCOVERY_ACROSS_FILESYSTEM not set).
2024-02-21 15:34:18.615 [info] > git rev-parse --show-toplevel [7ms]
2024-02-21 15:34:18.615 [info] fatal: not a git repository (or any parent up to mount point /media)
Stopping at filesystem boundary (GIT_DISCOVERY_ACROSS_FILESYSTEM not set).
2024-02-21 15:34:49.607 [info] > git rev-parse --show-toplevel [2ms]
2024-02-21 15:34:49.607 [info] fatal: not a git repository (or any parent up to mount point /media)
Stopping at filesystem boundary (GIT_DISCOVERY_ACROSS_FILESYSTEM not set).
2024-02-21 15:40:20.966 [info] > git rev-parse --show-toplevel [2ms]
2024-02-21 15:40:20.966 [info] fatal: not a git repository (or any parent up to mount point /media)
Stopping at filesystem boundary (GIT_DISCOVERY_ACROSS_FILESYSTEM not set).
2024-02-21 15:40:22.545 [info] > git rev-parse --show-toplevel [2ms]
2024-02-21 15:40:22.545 [info] fatal: not a git repository (or any parent up to mount point /media)
Stopping at filesystem boundary (GIT_DISCOVERY_ACROSS_FILESYSTEM not set).
2024-02-21 15:40:30.193 [info] > git rev-parse --show-toplevel [1ms]
2024-02-21 15:40:30.193 [info] fatal: not a git repository (or any parent up to mount point /media)
Stopping at filesystem boundary (GIT_DISCOVERY_ACROSS_FILESYSTEM not set).
2024-02-21 15:40:33.037 [info] > git rev-parse --show-toplevel [4ms]
2024-02-21 15:40:33.037 [info] fatal: not a git repository (or any parent up to mount point /media)
Stopping at filesystem boundary (GIT_DISCOVERY_ACROSS_FILESYSTEM not set).
2024-02-21 15:40:35.155 [info] > git rev-parse --show-toplevel [3ms]
2024-02-21 15:40:35.155 [info] fatal: not a git repository (or any parent up to mount point /media)
Stopping at filesystem boundary (GIT_DISCOVERY_ACROSS_FILESYSTEM not set).
2024-02-21 15:41:49.446 [info] > git rev-parse --show-toplevel [1ms]
2024-02-21 15:41:49.446 [info] fatal: not a git repository (or any parent up to mount point /media)
Stopping at filesystem boundary (GIT_DISCOVERY_ACROSS_FILESYSTEM not set).
2024-02-21 15:41:51.533 [info] > git rev-parse --show-toplevel [2ms]
2024-02-21 15:41:51.533 [info] fatal: not a git repository (or any parent up to mount point /media)
Stopping at filesystem boundary (GIT_DISCOVERY_ACROSS_FILESYSTEM not set).
